2025-03-11T17:50:11.044Z [INFO]: [INFO] Refresh token process started
2025-03-11T17:50:11.048Z [INFO]: [INFO] Refresh token verified for userId: 67a4248449deb4dcfeca75e5
2025-03-11T17:50:11.178Z [ERROR]: [ERROR] Invalid refresh token (Status: 403)
2025-03-11T17:50:18.707Z [INFO]: [INFO] Login attempt for email: barmor123456@gmail.com
2025-03-11T17:50:18.832Z [INFO]: [INFO] User fetched during login: {
  _id: new ObjectId('67a4248449deb4dcfeca75e5'),
  email: 'barmor123456@gmail.com',
  password: '$2a$10$cQAvaSbW36osHk8kzTGmvO3d6HSR.CR5UMxHek0dnTpMavRT.ki.a',
  firstName: 'bar',
  lastName: 'mor',
  profilePic: '/uploads/1741535193314-profile.jpg',
  role: 'user',
  favorites: [],
  refresh_tokens: [
    'eyJhbGciOiJIUzI1NiIsInR5cCI6IkpXVCJ9.eyJ1c2VySWQiOiI2N2E0MjQ4NDQ5ZGViNGRjZmVjYTc1ZTUiLCJpYXQiOjE3Mzg4MTA5NjYsImV4cCI6MTczOTQxNTc2Nn0.q5-TbMv03Rl7QCWMb-ZgKPgD7fx6tO_MGMVt3cDqApY',
    'eyJhbGciOiJIUzI1NiIsInR5cCI6IkpXVCJ9.eyJ1c2VySWQiOiI2N2E0MjQ4NDQ5ZGViNGRjZmVjYTc1ZTUiLCJpYXQiOjE3Mzg4Nzc1NjksImV4cCI6MTczOTQ4MjM2OX0.AFN9-Vd2XlwfWMbeOM9TgmlyVpZHymheOouuq-JlzP4',
    'eyJhbGciOiJIUzI1NiIsInR5cCI6IkpXVCJ9.eyJ1c2VySWQiOiI2N2E0MjQ4NDQ5ZGViNGRjZmVjYTc1ZTUiLCJpYXQiOjE3Mzg4Nzc2MDMsImV4cCI6MTczOTQ4MjQwM30.ouVdbNkyMF-gmZcyZGNE1iE43FnIcWjuOIv-HI2GXJQ',
    'eyJhbGciOiJIUzI1NiIsInR5cCI6IkpXVCJ9.eyJ1c2VySWQiOiI2N2E0MjQ4NDQ5ZGViNGRjZmVjYTc1ZTUiLCJpYXQiOjE3NDE1MzI3MDQsImV4cCI6MTc0MjEzNzUwNH0.L-nE3wrHjhDbXqGlVLDErNinovr5nAO3VO4BQJKIU2Y',
    'eyJhbGciOiJIUzI1NiIsInR5cCI6IkpXVCJ9.eyJ1c2VySWQiOiI2N2E0MjQ4NDQ5ZGViNGRjZmVjYTc1ZTUiLCJpYXQiOjE3NDE1MzM0NDEsImV4cCI6MTc0MjEzODI0MX0.vdRB21o1eu0zdmS5e_kdYB1Jf-rqMitLfOcRDQqEfPI',
    'eyJhbGciOiJIUzI1NiIsInR5cCI6IkpXVCJ9.eyJ1c2VySWQiOiI2N2E0MjQ4NDQ5ZGViNGRjZmVjYTc1ZTUiLCJpYXQiOjE3NDE1MzQ0ODUsImV4cCI6MTc0MjEzOTI4NX0.eF2i6UF8-HxpeEZ7Uov1jdoHLJ7IrpvKPYu6JKeaxWY',
    'eyJhbGciOiJIUzI1NiIsInR5cCI6IkpXVCJ9.eyJ1c2VySWQiOiI2N2E0MjQ4NDQ5ZGViNGRjZmVjYTc1ZTUiLCJpYXQiOjE3NDE1MzQ0ODYsImV4cCI6MTc0MjEzOTI4Nn0.Hu_yCNNo547TjsPM51pQTQV0UfK8y2rsmUttEr8kEa8',
    'eyJhbGciOiJIUzI1NiIsInR5cCI6IkpXVCJ9.eyJ1c2VySWQiOiI2N2E0MjQ4NDQ5ZGViNGRjZmVjYTc1ZTUiLCJpYXQiOjE3NDE1MzUyOTQsImV4cCI6MTc0MjE0MDA5NH0.3R3AnIfq6ltPOMtZXowKty6xtRnD24wrGoEgewkukLc',
    'eyJhbGciOiJIUzI1NiIsInR5cCI6IkpXVCJ9.eyJ1c2VySWQiOiI2N2E0MjQ4NDQ5ZGViNGRjZmVjYTc1ZTUiLCJpYXQiOjE3NDE1MzU4NDgsImV4cCI6MTc0MjE0MDY0OH0.RgaJCRKpNfdFSHakaU5NXm0gxbZqpN3GD5Q_Eed1Jr4',
    'eyJhbGciOiJIUzI1NiIsInR5cCI6IkpXVCJ9.eyJ1c2VySWQiOiI2N2E0MjQ4NDQ5ZGViNGRjZmVjYTc1ZTUiLCJpYXQiOjE3NDE1MzYwODksImV4cCI6MTc0MjE0MDg4OX0.inrNJSf3SwiJqvH_X5-ucknk4OPV3mGay273m_QWg5c',
    'eyJhbGciOiJIUzI1NiIsInR5cCI6IkpXVCJ9.eyJ1c2VySWQiOiI2N2E0MjQ4NDQ5ZGViNGRjZmVjYTc1ZTUiLCJpYXQiOjE3NDE1MzY3MTAsImV4cCI6MTc0MjE0MTUxMH0.6Afa5prFI8H4rBfbed921Ozv6383IuPYAMt77D9J2tc',
    'eyJhbGciOiJIUzI1NiIsInR5cCI6IkpXVCJ9.eyJ1c2VySWQiOiI2N2E0MjQ4NDQ5ZGViNGRjZmVjYTc1ZTUiLCJpYXQiOjE3NDE1MzcwNjgsImV4cCI6MTc0MjE0MTg2OH0.XQZqf7j8B-M-G6CpdffECj_QXxUGz4dOxF9aNg9F17s',
    'eyJhbGciOiJIUzI1NiIsInR5cCI6IkpXVCJ9.eyJ1c2VySWQiOiI2N2E0MjQ4NDQ5ZGViNGRjZmVjYTc1ZTUiLCJpYXQiOjE3NDE1MzczMTksImV4cCI6MTc0MjE0MjExOX0.TWLuI0XJH6oJMZJcLUTgXqw3vYX32htOUsiUoDh1QwE',
    'eyJhbGciOiJIUzI1NiIsInR5cCI6IkpXVCJ9.eyJ1c2VySWQiOiI2N2E0MjQ4NDQ5ZGViNGRjZmVjYTc1ZTUiLCJpYXQiOjE3NDE1Mzc3ODMsImV4cCI6MTc0MjE0MjU4M30.x_ZAfmKOlgcpPK7JGfqvgXQVxBWMDwhDYihzNzwxJFI',
    'eyJhbGciOiJIUzI1NiIsInR5cCI6IkpXVCJ9.eyJ1c2VySWQiOiI2N2E0MjQ4NDQ5ZGViNGRjZmVjYTc1ZTUiLCJpYXQiOjE3NDE1MzgwNzgsImV4cCI6MTc0MjE0Mjg3OH0.f8yAX-2WGPgDHZUK0705m0pVP8RRl5FmXewldg-_dX0',
    'eyJhbGciOiJIUzI1NiIsInR5cCI6IkpXVCJ9.eyJ1c2VySWQiOiI2N2E0MjQ4NDQ5ZGViNGRjZmVjYTc1ZTUiLCJpYXQiOjE3NDE1NDM3NjcsImV4cCI6MTc0MjE0ODU2N30.MaKdcOl8ksqtjkdz4AhO7S_8YP25TBVaYeYFv--STwA',
    'eyJhbGciOiJIUzI1NiIsInR5cCI6IkpXVCJ9.eyJ1c2VySWQiOiI2N2E0MjQ4NDQ5ZGViNGRjZmVjYTc1ZTUiLCJpYXQiOjE3NDE1NDQ3MDYsImV4cCI6MTc0MjE0OTUwNn0.zNx2FOS-BJOt6c6U5j38lnzZyp3HekxtsAt1IDGWFX0',
    'eyJhbGciOiJIUzI1NiIsInR5cCI6IkpXVCJ9.eyJ1c2VySWQiOiI2N2E0MjQ4NDQ5ZGViNGRjZmVjYTc1ZTUiLCJpYXQiOjE3NDE3MDQxNTQsImV4cCI6MTc0MjMwODk1NH0.o1C-JdLRfwgcvq4McKFLjCWZ-ZjqnA5sLMO2Qz-yDQ8',
    'eyJhbGciOiJIUzI1NiIsInR5cCI6IkpXVCJ9.eyJ1c2VySWQiOiI2N2E0MjQ4NDQ5ZGViNGRjZmVjYTc1ZTUiLCJpYXQiOjE3NDE3MTIyNjIsImV4cCI6MTc0MjMxNzA2Mn0.PUpD31UfkFmUz9QXLbhXPAZsc6UNtG7h6e5rYQPo0HE',
    'eyJhbGciOiJIUzI1NiIsInR5cCI6IkpXVCJ9.eyJ1c2VySWQiOiI2N2E0MjQ4NDQ5ZGViNGRjZmVjYTc1ZTUiLCJpYXQiOjE3NDE3MTMxOTUsImV4cCI6MTc0MjMxNzk5NX0.9oXTHG8XCM6ovhF8SjzTQWxP6CdcksvsL-814E--zfk',
    'eyJhbGciOiJIUzI1NiIsInR5cCI6IkpXVCJ9.eyJ1c2VySWQiOiI2N2E0MjQ4NDQ5ZGViNGRjZmVjYTc1ZTUiLCJpYXQiOjE3NDE3MTM0NDksImV4cCI6MTc0MjMxODI0OX0.faaqudgRsbL3Y5oILog2DbbvzdSIfL7qoNW7J51wA5o',
    'eyJhbGciOiJIUzI1NiIsInR5cCI6IkpXVCJ9.eyJ1c2VySWQiOiI2N2E0MjQ4NDQ5ZGViNGRjZmVjYTc1ZTUiLCJpYXQiOjE3NDE3MTQ5NzMsImV4cCI6MTc0MjMxOTc3M30._UCr0WEcq2mKPAOfmS1258RPEXhv1F-Wq6eaqWt-Pf0'
  ],
  isVerified: true,
  createdAt: 2025-02-06T02:55:00.067Z,
  updatedAt: 2025-03-11T17:42:53.306Z,
  __v: 48
}
2025-03-11T17:50:18.964Z [INFO]: [INFO] Generating tokens for userId: 67a4248449deb4dcfeca75e5, role: user
2025-03-11T17:50:18.965Z [INFO]: [INFO] Tokens generated successfully for userId: 67a4248449deb4dcfeca75e5
2025-03-11T17:50:18.966Z [INFO]: [INFO] Generated tokens for user: barmor123456@gmail.com
2025-03-25T15:07:36.996Z [INFO]: [INFO] Login attempt for email: barmor123456@gmail.com
2025-03-25T15:07:37.132Z [INFO]: [INFO] User fetched during login: {
  profilePic: '/uploads/1741535193314-profile.jpg',
  _id: new ObjectId('67a4248449deb4dcfeca75e5'),
  email: 'barmor123456@gmail.com',
  password: '$2a$10$cQAvaSbW36osHk8kzTGmvO3d6HSR.CR5UMxHek0dnTpMavRT.ki.a',
  firstName: 'bar',
  lastName: 'mor',
  role: 'admin',
  favorites: [],
  refresh_tokens: [
    'eyJhbGciOiJIUzI1NiIsInR5cCI6IkpXVCJ9.eyJ1c2VySWQiOiI2N2E0MjQ4NDQ5ZGViNGRjZmVjYTc1ZTUiLCJpYXQiOjE3Mzg4MTA5NjYsImV4cCI6MTczOTQxNTc2Nn0.q5-TbMv03Rl7QCWMb-ZgKPgD7fx6tO_MGMVt3cDqApY',
    'eyJhbGciOiJIUzI1NiIsInR5cCI6IkpXVCJ9.eyJ1c2VySWQiOiI2N2E0MjQ4NDQ5ZGViNGRjZmVjYTc1ZTUiLCJpYXQiOjE3Mzg4Nzc1NjksImV4cCI6MTczOTQ4MjM2OX0.AFN9-Vd2XlwfWMbeOM9TgmlyVpZHymheOouuq-JlzP4',
    'eyJhbGciOiJIUzI1NiIsInR5cCI6IkpXVCJ9.eyJ1c2VySWQiOiI2N2E0MjQ4NDQ5ZGViNGRjZmVjYTc1ZTUiLCJpYXQiOjE3Mzg4Nzc2MDMsImV4cCI6MTczOTQ4MjQwM30.ouVdbNkyMF-gmZcyZGNE1iE43FnIcWjuOIv-HI2GXJQ',
    'eyJhbGciOiJIUzI1NiIsInR5cCI6IkpXVCJ9.eyJ1c2VySWQiOiI2N2E0MjQ4NDQ5ZGViNGRjZmVjYTc1ZTUiLCJpYXQiOjE3NDE1MzI3MDQsImV4cCI6MTc0MjEzNzUwNH0.L-nE3wrHjhDbXqGlVLDErNinovr5nAO3VO4BQJKIU2Y',
    'eyJhbGciOiJIUzI1NiIsInR5cCI6IkpXVCJ9.eyJ1c2VySWQiOiI2N2E0MjQ4NDQ5ZGViNGRjZmVjYTc1ZTUiLCJpYXQiOjE3NDE1MzM0NDEsImV4cCI6MTc0MjEzODI0MX0.vdRB21o1eu0zdmS5e_kdYB1Jf-rqMitLfOcRDQqEfPI',
    'eyJhbGciOiJIUzI1NiIsInR5cCI6IkpXVCJ9.eyJ1c2VySWQiOiI2N2E0MjQ4NDQ5ZGViNGRjZmVjYTc1ZTUiLCJpYXQiOjE3NDE1MzQ0ODUsImV4cCI6MTc0MjEzOTI4NX0.eF2i6UF8-HxpeEZ7Uov1jdoHLJ7IrpvKPYu6JKeaxWY',
    'eyJhbGciOiJIUzI1NiIsInR5cCI6IkpXVCJ9.eyJ1c2VySWQiOiI2N2E0MjQ4NDQ5ZGViNGRjZmVjYTc1ZTUiLCJpYXQiOjE3NDE1MzQ0ODYsImV4cCI6MTc0MjEzOTI4Nn0.Hu_yCNNo547TjsPM51pQTQV0UfK8y2rsmUttEr8kEa8',
    'eyJhbGciOiJIUzI1NiIsInR5cCI6IkpXVCJ9.eyJ1c2VySWQiOiI2N2E0MjQ4NDQ5ZGViNGRjZmVjYTc1ZTUiLCJpYXQiOjE3NDE1MzUyOTQsImV4cCI6MTc0MjE0MDA5NH0.3R3AnIfq6ltPOMtZXowKty6xtRnD24wrGoEgewkukLc',
    'eyJhbGciOiJIUzI1NiIsInR5cCI6IkpXVCJ9.eyJ1c2VySWQiOiI2N2E0MjQ4NDQ5ZGViNGRjZmVjYTc1ZTUiLCJpYXQiOjE3NDE1MzU4NDgsImV4cCI6MTc0MjE0MDY0OH0.RgaJCRKpNfdFSHakaU5NXm0gxbZqpN3GD5Q_Eed1Jr4',
    'eyJhbGciOiJIUzI1NiIsInR5cCI6IkpXVCJ9.eyJ1c2VySWQiOiI2N2E0MjQ4NDQ5ZGViNGRjZmVjYTc1ZTUiLCJpYXQiOjE3NDE1MzYwODksImV4cCI6MTc0MjE0MDg4OX0.inrNJSf3SwiJqvH_X5-ucknk4OPV3mGay273m_QWg5c',
    'eyJhbGciOiJIUzI1NiIsInR5cCI6IkpXVCJ9.eyJ1c2VySWQiOiI2N2E0MjQ4NDQ5ZGViNGRjZmVjYTc1ZTUiLCJpYXQiOjE3NDE1MzY3MTAsImV4cCI6MTc0MjE0MTUxMH0.6Afa5prFI8H4rBfbed921Ozv6383IuPYAMt77D9J2tc',
    'eyJhbGciOiJIUzI1NiIsInR5cCI6IkpXVCJ9.eyJ1c2VySWQiOiI2N2E0MjQ4NDQ5ZGViNGRjZmVjYTc1ZTUiLCJpYXQiOjE3NDE1MzcwNjgsImV4cCI6MTc0MjE0MTg2OH0.XQZqf7j8B-M-G6CpdffECj_QXxUGz4dOxF9aNg9F17s',
    'eyJhbGciOiJIUzI1NiIsInR5cCI6IkpXVCJ9.eyJ1c2VySWQiOiI2N2E0MjQ4NDQ5ZGViNGRjZmVjYTc1ZTUiLCJpYXQiOjE3NDE1MzczMTksImV4cCI6MTc0MjE0MjExOX0.TWLuI0XJH6oJMZJcLUTgXqw3vYX32htOUsiUoDh1QwE',
    'eyJhbGciOiJIUzI1NiIsInR5cCI6IkpXVCJ9.eyJ1c2VySWQiOiI2N2E0MjQ4NDQ5ZGViNGRjZmVjYTc1ZTUiLCJpYXQiOjE3NDE1Mzc3ODMsImV4cCI6MTc0MjE0MjU4M30.x_ZAfmKOlgcpPK7JGfqvgXQVxBWMDwhDYihzNzwxJFI',
    'eyJhbGciOiJIUzI1NiIsInR5cCI6IkpXVCJ9.eyJ1c2VySWQiOiI2N2E0MjQ4NDQ5ZGViNGRjZmVjYTc1ZTUiLCJpYXQiOjE3NDE1MzgwNzgsImV4cCI6MTc0MjE0Mjg3OH0.f8yAX-2WGPgDHZUK0705m0pVP8RRl5FmXewldg-_dX0',
    'eyJhbGciOiJIUzI1NiIsInR5cCI6IkpXVCJ9.eyJ1c2VySWQiOiI2N2E0MjQ4NDQ5ZGViNGRjZmVjYTc1ZTUiLCJpYXQiOjE3NDE1NDM3NjcsImV4cCI6MTc0MjE0ODU2N30.MaKdcOl8ksqtjkdz4AhO7S_8YP25TBVaYeYFv--STwA',
    'eyJhbGciOiJIUzI1NiIsInR5cCI6IkpXVCJ9.eyJ1c2VySWQiOiI2N2E0MjQ4NDQ5ZGViNGRjZmVjYTc1ZTUiLCJpYXQiOjE3NDE1NDQ3MDYsImV4cCI6MTc0MjE0OTUwNn0.zNx2FOS-BJOt6c6U5j38lnzZyp3HekxtsAt1IDGWFX0',
    'eyJhbGciOiJIUzI1NiIsInR5cCI6IkpXVCJ9.eyJ1c2VySWQiOiI2N2E0MjQ4NDQ5ZGViNGRjZmVjYTc1ZTUiLCJpYXQiOjE3NDE3MDQxNTQsImV4cCI6MTc0MjMwODk1NH0.o1C-JdLRfwgcvq4McKFLjCWZ-ZjqnA5sLMO2Qz-yDQ8',
    'eyJhbGciOiJIUzI1NiIsInR5cCI6IkpXVCJ9.eyJ1c2VySWQiOiI2N2E0MjQ4NDQ5ZGViNGRjZmVjYTc1ZTUiLCJpYXQiOjE3NDE3MTIyNjIsImV4cCI6MTc0MjMxNzA2Mn0.PUpD31UfkFmUz9QXLbhXPAZsc6UNtG7h6e5rYQPo0HE',
    'eyJhbGciOiJIUzI1NiIsInR5cCI6IkpXVCJ9.eyJ1c2VySWQiOiI2N2E0MjQ4NDQ5ZGViNGRjZmVjYTc1ZTUiLCJpYXQiOjE3NDE3MTMxOTUsImV4cCI6MTc0MjMxNzk5NX0.9oXTHG8XCM6ovhF8SjzTQWxP6CdcksvsL-814E--zfk',
    'eyJhbGciOiJIUzI1NiIsInR5cCI6IkpXVCJ9.eyJ1c2VySWQiOiI2N2E0MjQ4NDQ5ZGViNGRjZmVjYTc1ZTUiLCJpYXQiOjE3NDE3MTM0NDksImV4cCI6MTc0MjMxODI0OX0.faaqudgRsbL3Y5oILog2DbbvzdSIfL7qoNW7J51wA5o',
    'eyJhbGciOiJIUzI1NiIsInR5cCI6IkpXVCJ9.eyJ1c2VySWQiOiI2N2E0MjQ4NDQ5ZGViNGRjZmVjYTc1ZTUiLCJpYXQiOjE3NDE3MTQ5NzMsImV4cCI6MTc0MjMxOTc3M30._UCr0WEcq2mKPAOfmS1258RPEXhv1F-Wq6eaqWt-Pf0',
    'eyJhbGciOiJIUzI1NiIsInR5cCI6IkpXVCJ9.eyJ1c2VySWQiOiI2N2E0MjQ4NDQ5ZGViNGRjZmVjYTc1ZTUiLCJpYXQiOjE3NDE3MTYyMTMsImV4cCI6MTc0MjMyMTAxM30.IwTa9w22CyfRUvXWj8MbXqN5mUgi7apASaMhXZ1tSwM',
    'eyJhbGciOiJIUzI1NiIsInR5cCI6IkpXVCJ9.eyJ1c2VySWQiOiI2N2E0MjQ4NDQ5ZGViNGRjZmVjYTc1ZTUiLCJpYXQiOjE3NDE3MTYzNjgsImV4cCI6MTc0MjMyMTE2OH0.bxMqebYS8cNQPRPOht5tiTjI2GkJTco1vE-ExTZBmd4',
    'eyJhbGciOiJIUzI1NiIsInR5cCI6IkpXVCJ9.eyJ1c2VySWQiOiI2N2E0MjQ4NDQ5ZGViNGRjZmVjYTc1ZTUiLCJpYXQiOjE3NDE4OTgxMDYsImV4cCI6MTc0MjUwMjkwNn0.BnYgLXlEEHYTiALa_1vhAp0KON_xnNmXmlztzuApQgg',
    'eyJhbGciOiJIUzI1NiIsInR5cCI6IkpXVCJ9.eyJ1c2VySWQiOiI2N2E0MjQ4NDQ5ZGViNGRjZmVjYTc1ZTUiLCJpYXQiOjE3NDIzODYwOTYsImV4cCI6MTc0Mjk5MDg5Nn0.Zf9tJ_EeJoZ1OhgEPlHc5_2OZ9wdknLHTTE799J-HTk',
    'eyJhbGciOiJIUzI1NiIsInR5cCI6IkpXVCJ9.eyJ1c2VySWQiOiI2N2E0MjQ4NDQ5ZGViNGRjZmVjYTc1ZTUiLCJpYXQiOjE3NDIzODYzMjAsImV4cCI6MTc0Mjk5MTEyMH0.epXr2hIRs4kp-RL5xT50S-cqobxI07W7PjyLvRmRkLo'
  ],
  isVerified: true,
  createdAt: 2025-02-06T02:55:00.067Z,
  updatedAt: 2025-03-19T12:15:46.663Z,
  __v: 62,
  addresses: []
}
2025-03-25T15:07:37.262Z [INFO]: [INFO] Generating tokens for userId: 67a4248449deb4dcfeca75e5, role: admin
2025-03-25T15:07:37.264Z [INFO]: [INFO] Tokens generated successfully for userId: 67a4248449deb4dcfeca75e5
2025-03-25T15:07:37.264Z [INFO]: [INFO] Generated tokens for user: barmor123456@gmail.com
2025-03-25T15:08:19.993Z [INFO]: [INFO] Logout process started
2025-03-25T15:08:20.915Z [INFO]: [INFO] User logged out successfully: 67a4248449deb4dcfeca75e5
2025-03-25T15:08:28.987Z [INFO]: [INFO] Login attempt for email: barmor123456@gmail.com
2025-03-25T15:08:29.108Z [INFO]: [INFO] User fetched during login: {
  profilePic: '/uploads/1741535193314-profile.jpg',
  _id: new ObjectId('67a4248449deb4dcfeca75e5'),
  email: 'barmor123456@gmail.com',
  password: '$2a$10$cQAvaSbW36osHk8kzTGmvO3d6HSR.CR5UMxHek0dnTpMavRT.ki.a',
  firstName: 'bar',
  lastName: 'mor',
  role: 'user',
  favorites: [],
  refresh_tokens: [
    'eyJhbGciOiJIUzI1NiIsInR5cCI6IkpXVCJ9.eyJ1c2VySWQiOiI2N2E0MjQ4NDQ5ZGViNGRjZmVjYTc1ZTUiLCJpYXQiOjE3Mzg4MTA5NjYsImV4cCI6MTczOTQxNTc2Nn0.q5-TbMv03Rl7QCWMb-ZgKPgD7fx6tO_MGMVt3cDqApY',
    'eyJhbGciOiJIUzI1NiIsInR5cCI6IkpXVCJ9.eyJ1c2VySWQiOiI2N2E0MjQ4NDQ5ZGViNGRjZmVjYTc1ZTUiLCJpYXQiOjE3Mzg4Nzc1NjksImV4cCI6MTczOTQ4MjM2OX0.AFN9-Vd2XlwfWMbeOM9TgmlyVpZHymheOouuq-JlzP4',
    'eyJhbGciOiJIUzI1NiIsInR5cCI6IkpXVCJ9.eyJ1c2VySWQiOiI2N2E0MjQ4NDQ5ZGViNGRjZmVjYTc1ZTUiLCJpYXQiOjE3Mzg4Nzc2MDMsImV4cCI6MTczOTQ4MjQwM30.ouVdbNkyMF-gmZcyZGNE1iE43FnIcWjuOIv-HI2GXJQ',
    'eyJhbGciOiJIUzI1NiIsInR5cCI6IkpXVCJ9.eyJ1c2VySWQiOiI2N2E0MjQ4NDQ5ZGViNGRjZmVjYTc1ZTUiLCJpYXQiOjE3NDE1MzI3MDQsImV4cCI6MTc0MjEzNzUwNH0.L-nE3wrHjhDbXqGlVLDErNinovr5nAO3VO4BQJKIU2Y',
    'eyJhbGciOiJIUzI1NiIsInR5cCI6IkpXVCJ9.eyJ1c2VySWQiOiI2N2E0MjQ4NDQ5ZGViNGRjZmVjYTc1ZTUiLCJpYXQiOjE3NDE1MzM0NDEsImV4cCI6MTc0MjEzODI0MX0.vdRB21o1eu0zdmS5e_kdYB1Jf-rqMitLfOcRDQqEfPI',
    'eyJhbGciOiJIUzI1NiIsInR5cCI6IkpXVCJ9.eyJ1c2VySWQiOiI2N2E0MjQ4NDQ5ZGViNGRjZmVjYTc1ZTUiLCJpYXQiOjE3NDE1MzQ0ODUsImV4cCI6MTc0MjEzOTI4NX0.eF2i6UF8-HxpeEZ7Uov1jdoHLJ7IrpvKPYu6JKeaxWY',
    'eyJhbGciOiJIUzI1NiIsInR5cCI6IkpXVCJ9.eyJ1c2VySWQiOiI2N2E0MjQ4NDQ5ZGViNGRjZmVjYTc1ZTUiLCJpYXQiOjE3NDE1MzQ0ODYsImV4cCI6MTc0MjEzOTI4Nn0.Hu_yCNNo547TjsPM51pQTQV0UfK8y2rsmUttEr8kEa8',
    'eyJhbGciOiJIUzI1NiIsInR5cCI6IkpXVCJ9.eyJ1c2VySWQiOiI2N2E0MjQ4NDQ5ZGViNGRjZmVjYTc1ZTUiLCJpYXQiOjE3NDE1MzUyOTQsImV4cCI6MTc0MjE0MDA5NH0.3R3AnIfq6ltPOMtZXowKty6xtRnD24wrGoEgewkukLc',
    'eyJhbGciOiJIUzI1NiIsInR5cCI6IkpXVCJ9.eyJ1c2VySWQiOiI2N2E0MjQ4NDQ5ZGViNGRjZmVjYTc1ZTUiLCJpYXQiOjE3NDE1MzU4NDgsImV4cCI6MTc0MjE0MDY0OH0.RgaJCRKpNfdFSHakaU5NXm0gxbZqpN3GD5Q_Eed1Jr4',
    'eyJhbGciOiJIUzI1NiIsInR5cCI6IkpXVCJ9.eyJ1c2VySWQiOiI2N2E0MjQ4NDQ5ZGViNGRjZmVjYTc1ZTUiLCJpYXQiOjE3NDE1MzYwODksImV4cCI6MTc0MjE0MDg4OX0.inrNJSf3SwiJqvH_X5-ucknk4OPV3mGay273m_QWg5c',
    'eyJhbGciOiJIUzI1NiIsInR5cCI6IkpXVCJ9.eyJ1c2VySWQiOiI2N2E0MjQ4NDQ5ZGViNGRjZmVjYTc1ZTUiLCJpYXQiOjE3NDE1MzY3MTAsImV4cCI6MTc0MjE0MTUxMH0.6Afa5prFI8H4rBfbed921Ozv6383IuPYAMt77D9J2tc',
    'eyJhbGciOiJIUzI1NiIsInR5cCI6IkpXVCJ9.eyJ1c2VySWQiOiI2N2E0MjQ4NDQ5ZGViNGRjZmVjYTc1ZTUiLCJpYXQiOjE3NDE1MzcwNjgsImV4cCI6MTc0MjE0MTg2OH0.XQZqf7j8B-M-G6CpdffECj_QXxUGz4dOxF9aNg9F17s',
    'eyJhbGciOiJIUzI1NiIsInR5cCI6IkpXVCJ9.eyJ1c2VySWQiOiI2N2E0MjQ4NDQ5ZGViNGRjZmVjYTc1ZTUiLCJpYXQiOjE3NDE1MzczMTksImV4cCI6MTc0MjE0MjExOX0.TWLuI0XJH6oJMZJcLUTgXqw3vYX32htOUsiUoDh1QwE',
    'eyJhbGciOiJIUzI1NiIsInR5cCI6IkpXVCJ9.eyJ1c2VySWQiOiI2N2E0MjQ4NDQ5ZGViNGRjZmVjYTc1ZTUiLCJpYXQiOjE3NDE1Mzc3ODMsImV4cCI6MTc0MjE0MjU4M30.x_ZAfmKOlgcpPK7JGfqvgXQVxBWMDwhDYihzNzwxJFI',
    'eyJhbGciOiJIUzI1NiIsInR5cCI6IkpXVCJ9.eyJ1c2VySWQiOiI2N2E0MjQ4NDQ5ZGViNGRjZmVjYTc1ZTUiLCJpYXQiOjE3NDE1MzgwNzgsImV4cCI6MTc0MjE0Mjg3OH0.f8yAX-2WGPgDHZUK0705m0pVP8RRl5FmXewldg-_dX0',
    'eyJhbGciOiJIUzI1NiIsInR5cCI6IkpXVCJ9.eyJ1c2VySWQiOiI2N2E0MjQ4NDQ5ZGViNGRjZmVjYTc1ZTUiLCJpYXQiOjE3NDE1NDM3NjcsImV4cCI6MTc0MjE0ODU2N30.MaKdcOl8ksqtjkdz4AhO7S_8YP25TBVaYeYFv--STwA',
    'eyJhbGciOiJIUzI1NiIsInR5cCI6IkpXVCJ9.eyJ1c2VySWQiOiI2N2E0MjQ4NDQ5ZGViNGRjZmVjYTc1ZTUiLCJpYXQiOjE3NDE1NDQ3MDYsImV4cCI6MTc0MjE0OTUwNn0.zNx2FOS-BJOt6c6U5j38lnzZyp3HekxtsAt1IDGWFX0',
    'eyJhbGciOiJIUzI1NiIsInR5cCI6IkpXVCJ9.eyJ1c2VySWQiOiI2N2E0MjQ4NDQ5ZGViNGRjZmVjYTc1ZTUiLCJpYXQiOjE3NDE3MDQxNTQsImV4cCI6MTc0MjMwODk1NH0.o1C-JdLRfwgcvq4McKFLjCWZ-ZjqnA5sLMO2Qz-yDQ8',
    'eyJhbGciOiJIUzI1NiIsInR5cCI6IkpXVCJ9.eyJ1c2VySWQiOiI2N2E0MjQ4NDQ5ZGViNGRjZmVjYTc1ZTUiLCJpYXQiOjE3NDE3MTIyNjIsImV4cCI6MTc0MjMxNzA2Mn0.PUpD31UfkFmUz9QXLbhXPAZsc6UNtG7h6e5rYQPo0HE',
    'eyJhbGciOiJIUzI1NiIsInR5cCI6IkpXVCJ9.eyJ1c2VySWQiOiI2N2E0MjQ4NDQ5ZGViNGRjZmVjYTc1ZTUiLCJpYXQiOjE3NDE3MTMxOTUsImV4cCI6MTc0MjMxNzk5NX0.9oXTHG8XCM6ovhF8SjzTQWxP6CdcksvsL-814E--zfk',
    'eyJhbGciOiJIUzI1NiIsInR5cCI6IkpXVCJ9.eyJ1c2VySWQiOiI2N2E0MjQ4NDQ5ZGViNGRjZmVjYTc1ZTUiLCJpYXQiOjE3NDE3MTM0NDksImV4cCI6MTc0MjMxODI0OX0.faaqudgRsbL3Y5oILog2DbbvzdSIfL7qoNW7J51wA5o',
    'eyJhbGciOiJIUzI1NiIsInR5cCI6IkpXVCJ9.eyJ1c2VySWQiOiI2N2E0MjQ4NDQ5ZGViNGRjZmVjYTc1ZTUiLCJpYXQiOjE3NDE3MTQ5NzMsImV4cCI6MTc0MjMxOTc3M30._UCr0WEcq2mKPAOfmS1258RPEXhv1F-Wq6eaqWt-Pf0',
    'eyJhbGciOiJIUzI1NiIsInR5cCI6IkpXVCJ9.eyJ1c2VySWQiOiI2N2E0MjQ4NDQ5ZGViNGRjZmVjYTc1ZTUiLCJpYXQiOjE3NDE3MTYyMTMsImV4cCI6MTc0MjMyMTAxM30.IwTa9w22CyfRUvXWj8MbXqN5mUgi7apASaMhXZ1tSwM',
    'eyJhbGciOiJIUzI1NiIsInR5cCI6IkpXVCJ9.eyJ1c2VySWQiOiI2N2E0MjQ4NDQ5ZGViNGRjZmVjYTc1ZTUiLCJpYXQiOjE3NDE3MTYzNjgsImV4cCI6MTc0MjMyMTE2OH0.bxMqebYS8cNQPRPOht5tiTjI2GkJTco1vE-ExTZBmd4',
    'eyJhbGciOiJIUzI1NiIsInR5cCI6IkpXVCJ9.eyJ1c2VySWQiOiI2N2E0MjQ4NDQ5ZGViNGRjZmVjYTc1ZTUiLCJpYXQiOjE3NDE4OTgxMDYsImV4cCI6MTc0MjUwMjkwNn0.BnYgLXlEEHYTiALa_1vhAp0KON_xnNmXmlztzuApQgg',
    'eyJhbGciOiJIUzI1NiIsInR5cCI6IkpXVCJ9.eyJ1c2VySWQiOiI2N2E0MjQ4NDQ5ZGViNGRjZmVjYTc1ZTUiLCJpYXQiOjE3NDIzODYwOTYsImV4cCI6MTc0Mjk5MDg5Nn0.Zf9tJ_EeJoZ1OhgEPlHc5_2OZ9wdknLHTTE799J-HTk',
    'eyJhbGciOiJIUzI1NiIsInR5cCI6IkpXVCJ9.eyJ1c2VySWQiOiI2N2E0MjQ4NDQ5ZGViNGRjZmVjYTc1ZTUiLCJpYXQiOjE3NDIzODYzMjAsImV4cCI6MTc0Mjk5MTEyMH0.epXr2hIRs4kp-RL5xT50S-cqobxI07W7PjyLvRmRkLo'
  ],
  isVerified: true,
  createdAt: 2025-02-06T02:55:00.067Z,
  updatedAt: 2025-03-25T15:08:20.116Z,
  __v: 64,
  addresses: []
}
2025-03-25T15:08:29.226Z [INFO]: [INFO] Generating tokens for userId: 67a4248449deb4dcfeca75e5, role: user
2025-03-25T15:08:29.227Z [INFO]: [INFO] Tokens generated successfully for userId: 67a4248449deb4dcfeca75e5
2025-03-25T15:08:29.227Z [INFO]: [INFO] Generated tokens for user: barmor123456@gmail.com
2025-03-25T15:09:34.106Z [INFO]: [INFO] Refresh token process started
2025-03-25T15:09:34.106Z [INFO]: [INFO] Refresh token verified for userId: 67a4248449deb4dcfeca75e5
2025-03-25T15:09:34.221Z [INFO]: [INFO] Generating tokens for userId: 67a4248449deb4dcfeca75e5, role: user
2025-03-25T15:09:34.222Z [INFO]: [INFO] Tokens generated successfully for userId: 67a4248449deb4dcfeca75e5
2025-03-25T15:09:34.351Z [INFO]: [INFO] Refresh token process completed for userId: 67a4248449deb4dcfeca75e5
2025-03-25T15:28:10.267Z [INFO]: [INFO] Login attempt for email: barmor123456@gmail.com
2025-03-25T15:28:10.402Z [INFO]: [INFO] User fetched during login: {
  profilePic: '/uploads/1741535193314-profile.jpg',
  _id: new ObjectId('67a4248449deb4dcfeca75e5'),
  email: 'barmor123456@gmail.com',
  password: '$2a$10$cQAvaSbW36osHk8kzTGmvO3d6HSR.CR5UMxHek0dnTpMavRT.ki.a',
  firstName: 'bar',
  lastName: 'mor',
  role: 'user',
  favorites: [],
  refresh_tokens: [
    'eyJhbGciOiJIUzI1NiIsInR5cCI6IkpXVCJ9.eyJ1c2VySWQiOiI2N2E0MjQ4NDQ5ZGViNGRjZmVjYTc1ZTUiLCJpYXQiOjE3Mzg4MTA5NjYsImV4cCI6MTczOTQxNTc2Nn0.q5-TbMv03Rl7QCWMb-ZgKPgD7fx6tO_MGMVt3cDqApY',
    'eyJhbGciOiJIUzI1NiIsInR5cCI6IkpXVCJ9.eyJ1c2VySWQiOiI2N2E0MjQ4NDQ5ZGViNGRjZmVjYTc1ZTUiLCJpYXQiOjE3Mzg4Nzc1NjksImV4cCI6MTczOTQ4MjM2OX0.AFN9-Vd2XlwfWMbeOM9TgmlyVpZHymheOouuq-JlzP4',
    'eyJhbGciOiJIUzI1NiIsInR5cCI6IkpXVCJ9.eyJ1c2VySWQiOiI2N2E0MjQ4NDQ5ZGViNGRjZmVjYTc1ZTUiLCJpYXQiOjE3Mzg4Nzc2MDMsImV4cCI6MTczOTQ4MjQwM30.ouVdbNkyMF-gmZcyZGNE1iE43FnIcWjuOIv-HI2GXJQ',
    'eyJhbGciOiJIUzI1NiIsInR5cCI6IkpXVCJ9.eyJ1c2VySWQiOiI2N2E0MjQ4NDQ5ZGViNGRjZmVjYTc1ZTUiLCJpYXQiOjE3NDE1MzI3MDQsImV4cCI6MTc0MjEzNzUwNH0.L-nE3wrHjhDbXqGlVLDErNinovr5nAO3VO4BQJKIU2Y',
    'eyJhbGciOiJIUzI1NiIsInR5cCI6IkpXVCJ9.eyJ1c2VySWQiOiI2N2E0MjQ4NDQ5ZGViNGRjZmVjYTc1ZTUiLCJpYXQiOjE3NDE1MzM0NDEsImV4cCI6MTc0MjEzODI0MX0.vdRB21o1eu0zdmS5e_kdYB1Jf-rqMitLfOcRDQqEfPI',
    'eyJhbGciOiJIUzI1NiIsInR5cCI6IkpXVCJ9.eyJ1c2VySWQiOiI2N2E0MjQ4NDQ5ZGViNGRjZmVjYTc1ZTUiLCJpYXQiOjE3NDE1MzQ0ODUsImV4cCI6MTc0MjEzOTI4NX0.eF2i6UF8-HxpeEZ7Uov1jdoHLJ7IrpvKPYu6JKeaxWY',
    'eyJhbGciOiJIUzI1NiIsInR5cCI6IkpXVCJ9.eyJ1c2VySWQiOiI2N2E0MjQ4NDQ5ZGViNGRjZmVjYTc1ZTUiLCJpYXQiOjE3NDE1MzQ0ODYsImV4cCI6MTc0MjEzOTI4Nn0.Hu_yCNNo547TjsPM51pQTQV0UfK8y2rsmUttEr8kEa8',
    'eyJhbGciOiJIUzI1NiIsInR5cCI6IkpXVCJ9.eyJ1c2VySWQiOiI2N2E0MjQ4NDQ5ZGViNGRjZmVjYTc1ZTUiLCJpYXQiOjE3NDE1MzUyOTQsImV4cCI6MTc0MjE0MDA5NH0.3R3AnIfq6ltPOMtZXowKty6xtRnD24wrGoEgewkukLc',
    'eyJhbGciOiJIUzI1NiIsInR5cCI6IkpXVCJ9.eyJ1c2VySWQiOiI2N2E0MjQ4NDQ5ZGViNGRjZmVjYTc1ZTUiLCJpYXQiOjE3NDE1MzU4NDgsImV4cCI6MTc0MjE0MDY0OH0.RgaJCRKpNfdFSHakaU5NXm0gxbZqpN3GD5Q_Eed1Jr4',
    'eyJhbGciOiJIUzI1NiIsInR5cCI6IkpXVCJ9.eyJ1c2VySWQiOiI2N2E0MjQ4NDQ5ZGViNGRjZmVjYTc1ZTUiLCJpYXQiOjE3NDE1MzYwODksImV4cCI6MTc0MjE0MDg4OX0.inrNJSf3SwiJqvH_X5-ucknk4OPV3mGay273m_QWg5c',
    'eyJhbGciOiJIUzI1NiIsInR5cCI6IkpXVCJ9.eyJ1c2VySWQiOiI2N2E0MjQ4NDQ5ZGViNGRjZmVjYTc1ZTUiLCJpYXQiOjE3NDE1MzY3MTAsImV4cCI6MTc0MjE0MTUxMH0.6Afa5prFI8H4rBfbed921Ozv6383IuPYAMt77D9J2tc',
    'eyJhbGciOiJIUzI1NiIsInR5cCI6IkpXVCJ9.eyJ1c2VySWQiOiI2N2E0MjQ4NDQ5ZGViNGRjZmVjYTc1ZTUiLCJpYXQiOjE3NDE1MzcwNjgsImV4cCI6MTc0MjE0MTg2OH0.XQZqf7j8B-M-G6CpdffECj_QXxUGz4dOxF9aNg9F17s',
    'eyJhbGciOiJIUzI1NiIsInR5cCI6IkpXVCJ9.eyJ1c2VySWQiOiI2N2E0MjQ4NDQ5ZGViNGRjZmVjYTc1ZTUiLCJpYXQiOjE3NDE1MzczMTksImV4cCI6MTc0MjE0MjExOX0.TWLuI0XJH6oJMZJcLUTgXqw3vYX32htOUsiUoDh1QwE',
    'eyJhbGciOiJIUzI1NiIsInR5cCI6IkpXVCJ9.eyJ1c2VySWQiOiI2N2E0MjQ4NDQ5ZGViNGRjZmVjYTc1ZTUiLCJpYXQiOjE3NDE1Mzc3ODMsImV4cCI6MTc0MjE0MjU4M30.x_ZAfmKOlgcpPK7JGfqvgXQVxBWMDwhDYihzNzwxJFI',
    'eyJhbGciOiJIUzI1NiIsInR5cCI6IkpXVCJ9.eyJ1c2VySWQiOiI2N2E0MjQ4NDQ5ZGViNGRjZmVjYTc1ZTUiLCJpYXQiOjE3NDE1MzgwNzgsImV4cCI6MTc0MjE0Mjg3OH0.f8yAX-2WGPgDHZUK0705m0pVP8RRl5FmXewldg-_dX0',
    'eyJhbGciOiJIUzI1NiIsInR5cCI6IkpXVCJ9.eyJ1c2VySWQiOiI2N2E0MjQ4NDQ5ZGViNGRjZmVjYTc1ZTUiLCJpYXQiOjE3NDE1NDM3NjcsImV4cCI6MTc0MjE0ODU2N30.MaKdcOl8ksqtjkdz4AhO7S_8YP25TBVaYeYFv--STwA',
    'eyJhbGciOiJIUzI1NiIsInR5cCI6IkpXVCJ9.eyJ1c2VySWQiOiI2N2E0MjQ4NDQ5ZGViNGRjZmVjYTc1ZTUiLCJpYXQiOjE3NDE1NDQ3MDYsImV4cCI6MTc0MjE0OTUwNn0.zNx2FOS-BJOt6c6U5j38lnzZyp3HekxtsAt1IDGWFX0',
    'eyJhbGciOiJIUzI1NiIsInR5cCI6IkpXVCJ9.eyJ1c2VySWQiOiI2N2E0MjQ4NDQ5ZGViNGRjZmVjYTc1ZTUiLCJpYXQiOjE3NDE3MDQxNTQsImV4cCI6MTc0MjMwODk1NH0.o1C-JdLRfwgcvq4McKFLjCWZ-ZjqnA5sLMO2Qz-yDQ8',
    'eyJhbGciOiJIUzI1NiIsInR5cCI6IkpXVCJ9.eyJ1c2VySWQiOiI2N2E0MjQ4NDQ5ZGViNGRjZmVjYTc1ZTUiLCJpYXQiOjE3NDE3MTIyNjIsImV4cCI6MTc0MjMxNzA2Mn0.PUpD31UfkFmUz9QXLbhXPAZsc6UNtG7h6e5rYQPo0HE',
    'eyJhbGciOiJIUzI1NiIsInR5cCI6IkpXVCJ9.eyJ1c2VySWQiOiI2N2E0MjQ4NDQ5ZGViNGRjZmVjYTc1ZTUiLCJpYXQiOjE3NDE3MTMxOTUsImV4cCI6MTc0MjMxNzk5NX0.9oXTHG8XCM6ovhF8SjzTQWxP6CdcksvsL-814E--zfk',
    'eyJhbGciOiJIUzI1NiIsInR5cCI6IkpXVCJ9.eyJ1c2VySWQiOiI2N2E0MjQ4NDQ5ZGViNGRjZmVjYTc1ZTUiLCJpYXQiOjE3NDE3MTM0NDksImV4cCI6MTc0MjMxODI0OX0.faaqudgRsbL3Y5oILog2DbbvzdSIfL7qoNW7J51wA5o',
    'eyJhbGciOiJIUzI1NiIsInR5cCI6IkpXVCJ9.eyJ1c2VySWQiOiI2N2E0MjQ4NDQ5ZGViNGRjZmVjYTc1ZTUiLCJpYXQiOjE3NDE3MTQ5NzMsImV4cCI6MTc0MjMxOTc3M30._UCr0WEcq2mKPAOfmS1258RPEXhv1F-Wq6eaqWt-Pf0',
    'eyJhbGciOiJIUzI1NiIsInR5cCI6IkpXVCJ9.eyJ1c2VySWQiOiI2N2E0MjQ4NDQ5ZGViNGRjZmVjYTc1ZTUiLCJpYXQiOjE3NDE3MTYyMTMsImV4cCI6MTc0MjMyMTAxM30.IwTa9w22CyfRUvXWj8MbXqN5mUgi7apASaMhXZ1tSwM',
    'eyJhbGciOiJIUzI1NiIsInR5cCI6IkpXVCJ9.eyJ1c2VySWQiOiI2N2E0MjQ4NDQ5ZGViNGRjZmVjYTc1ZTUiLCJpYXQiOjE3NDE3MTYzNjgsImV4cCI6MTc0MjMyMTE2OH0.bxMqebYS8cNQPRPOht5tiTjI2GkJTco1vE-ExTZBmd4',
    'eyJhbGciOiJIUzI1NiIsInR5cCI6IkpXVCJ9.eyJ1c2VySWQiOiI2N2E0MjQ4NDQ5ZGViNGRjZmVjYTc1ZTUiLCJpYXQiOjE3NDE4OTgxMDYsImV4cCI6MTc0MjUwMjkwNn0.BnYgLXlEEHYTiALa_1vhAp0KON_xnNmXmlztzuApQgg',
    'eyJhbGciOiJIUzI1NiIsInR5cCI6IkpXVCJ9.eyJ1c2VySWQiOiI2N2E0MjQ4NDQ5ZGViNGRjZmVjYTc1ZTUiLCJpYXQiOjE3NDIzODYwOTYsImV4cCI6MTc0Mjk5MDg5Nn0.Zf9tJ_EeJoZ1OhgEPlHc5_2OZ9wdknLHTTE799J-HTk',
    'eyJhbGciOiJIUzI1NiIsInR5cCI6IkpXVCJ9.eyJ1c2VySWQiOiI2N2E0MjQ4NDQ5ZGViNGRjZmVjYTc1ZTUiLCJpYXQiOjE3NDIzODYzMjAsImV4cCI6MTc0Mjk5MTEyMH0.epXr2hIRs4kp-RL5xT50S-cqobxI07W7PjyLvRmRkLo',
    'eyJhbGciOiJIUzI1NiIsInR5cCI6IkpXVCJ9.eyJ1c2VySWQiOiI2N2E0MjQ4NDQ5ZGViNGRjZmVjYTc1ZTUiLCJpYXQiOjE3NDI5MTUzNzQsImV4cCI6MTc0MzUyMDE3NH0.MsmILx5nzBUB3lJPeZdPoVqtNtaKTdlxMrMFYWRScsU'
  ],
  isVerified: true,
  createdAt: 2025-02-06T02:55:00.067Z,
  updatedAt: 2025-03-25T15:09:34.222Z,
  __v: 66,
  addresses: []
}
2025-03-25T15:28:10.529Z [INFO]: [INFO] Generating tokens for userId: 67a4248449deb4dcfeca75e5, role: user
2025-03-25T15:28:10.531Z [INFO]: [INFO] Tokens generated successfully for userId: 67a4248449deb4dcfeca75e5
2025-03-25T15:28:10.532Z [INFO]: [INFO] Generated tokens for user: barmor123456@gmail.com
2025-03-25T15:33:27.098Z [INFO]: [INFO] Refresh token process started
2025-03-25T15:33:27.100Z [INFO]: [INFO] Refresh token verified for userId: 67a4248449deb4dcfeca75e5
2025-03-25T15:33:27.217Z [INFO]: [INFO] Generating tokens for userId: 67a4248449deb4dcfeca75e5, role: user
2025-03-25T15:33:27.218Z [INFO]: [INFO] Tokens generated successfully for userId: 67a4248449deb4dcfeca75e5
2025-03-25T15:33:27.343Z [INFO]: [INFO] Refresh token process completed for userId: 67a4248449deb4dcfeca75e5
2025-03-25T15:45:33.798Z [INFO]: [INFO] Refresh token process started
2025-03-25T15:45:33.800Z [INFO]: [INFO] Refresh token verified for userId: 67a4248449deb4dcfeca75e5
2025-03-25T15:45:33.917Z [ERROR]: [ERROR] Invalid refresh token (Status: 403)
2025-03-25T15:45:42.481Z [INFO]: [INFO] Login attempt for email: barmor123456@gmail.com
2025-03-25T15:45:42.607Z [INFO]: [INFO] User fetched during login: {
  profilePic: '/uploads/1741535193314-profile.jpg',
  _id: new ObjectId('67a4248449deb4dcfeca75e5'),
  email: 'barmor123456@gmail.com',
  password: '$2a$10$cQAvaSbW36osHk8kzTGmvO3d6HSR.CR5UMxHek0dnTpMavRT.ki.a',
  firstName: 'bar',
  lastName: 'mor',
  role: 'user',
  favorites: [],
  refresh_tokens: [
    'eyJhbGciOiJIUzI1NiIsInR5cCI6IkpXVCJ9.eyJ1c2VySWQiOiI2N2E0MjQ4NDQ5ZGViNGRjZmVjYTc1ZTUiLCJpYXQiOjE3Mzg4MTA5NjYsImV4cCI6MTczOTQxNTc2Nn0.q5-TbMv03Rl7QCWMb-ZgKPgD7fx6tO_MGMVt3cDqApY',
    'eyJhbGciOiJIUzI1NiIsInR5cCI6IkpXVCJ9.eyJ1c2VySWQiOiI2N2E0MjQ4NDQ5ZGViNGRjZmVjYTc1ZTUiLCJpYXQiOjE3Mzg4Nzc1NjksImV4cCI6MTczOTQ4MjM2OX0.AFN9-Vd2XlwfWMbeOM9TgmlyVpZHymheOouuq-JlzP4',
    'eyJhbGciOiJIUzI1NiIsInR5cCI6IkpXVCJ9.eyJ1c2VySWQiOiI2N2E0MjQ4NDQ5ZGViNGRjZmVjYTc1ZTUiLCJpYXQiOjE3Mzg4Nzc2MDMsImV4cCI6MTczOTQ4MjQwM30.ouVdbNkyMF-gmZcyZGNE1iE43FnIcWjuOIv-HI2GXJQ',
    'eyJhbGciOiJIUzI1NiIsInR5cCI6IkpXVCJ9.eyJ1c2VySWQiOiI2N2E0MjQ4NDQ5ZGViNGRjZmVjYTc1ZTUiLCJpYXQiOjE3NDE1MzI3MDQsImV4cCI6MTc0MjEzNzUwNH0.L-nE3wrHjhDbXqGlVLDErNinovr5nAO3VO4BQJKIU2Y',
    'eyJhbGciOiJIUzI1NiIsInR5cCI6IkpXVCJ9.eyJ1c2VySWQiOiI2N2E0MjQ4NDQ5ZGViNGRjZmVjYTc1ZTUiLCJpYXQiOjE3NDE1MzM0NDEsImV4cCI6MTc0MjEzODI0MX0.vdRB21o1eu0zdmS5e_kdYB1Jf-rqMitLfOcRDQqEfPI',
    'eyJhbGciOiJIUzI1NiIsInR5cCI6IkpXVCJ9.eyJ1c2VySWQiOiI2N2E0MjQ4NDQ5ZGViNGRjZmVjYTc1ZTUiLCJpYXQiOjE3NDE1MzQ0ODUsImV4cCI6MTc0MjEzOTI4NX0.eF2i6UF8-HxpeEZ7Uov1jdoHLJ7IrpvKPYu6JKeaxWY',
    'eyJhbGciOiJIUzI1NiIsInR5cCI6IkpXVCJ9.eyJ1c2VySWQiOiI2N2E0MjQ4NDQ5ZGViNGRjZmVjYTc1ZTUiLCJpYXQiOjE3NDE1MzQ0ODYsImV4cCI6MTc0MjEzOTI4Nn0.Hu_yCNNo547TjsPM51pQTQV0UfK8y2rsmUttEr8kEa8',
    'eyJhbGciOiJIUzI1NiIsInR5cCI6IkpXVCJ9.eyJ1c2VySWQiOiI2N2E0MjQ4NDQ5ZGViNGRjZmVjYTc1ZTUiLCJpYXQiOjE3NDE1MzUyOTQsImV4cCI6MTc0MjE0MDA5NH0.3R3AnIfq6ltPOMtZXowKty6xtRnD24wrGoEgewkukLc',
    'eyJhbGciOiJIUzI1NiIsInR5cCI6IkpXVCJ9.eyJ1c2VySWQiOiI2N2E0MjQ4NDQ5ZGViNGRjZmVjYTc1ZTUiLCJpYXQiOjE3NDE1MzU4NDgsImV4cCI6MTc0MjE0MDY0OH0.RgaJCRKpNfdFSHakaU5NXm0gxbZqpN3GD5Q_Eed1Jr4',
    'eyJhbGciOiJIUzI1NiIsInR5cCI6IkpXVCJ9.eyJ1c2VySWQiOiI2N2E0MjQ4NDQ5ZGViNGRjZmVjYTc1ZTUiLCJpYXQiOjE3NDE1MzYwODksImV4cCI6MTc0MjE0MDg4OX0.inrNJSf3SwiJqvH_X5-ucknk4OPV3mGay273m_QWg5c',
    'eyJhbGciOiJIUzI1NiIsInR5cCI6IkpXVCJ9.eyJ1c2VySWQiOiI2N2E0MjQ4NDQ5ZGViNGRjZmVjYTc1ZTUiLCJpYXQiOjE3NDE1MzY3MTAsImV4cCI6MTc0MjE0MTUxMH0.6Afa5prFI8H4rBfbed921Ozv6383IuPYAMt77D9J2tc',
    'eyJhbGciOiJIUzI1NiIsInR5cCI6IkpXVCJ9.eyJ1c2VySWQiOiI2N2E0MjQ4NDQ5ZGViNGRjZmVjYTc1ZTUiLCJpYXQiOjE3NDE1MzcwNjgsImV4cCI6MTc0MjE0MTg2OH0.XQZqf7j8B-M-G6CpdffECj_QXxUGz4dOxF9aNg9F17s',
    'eyJhbGciOiJIUzI1NiIsInR5cCI6IkpXVCJ9.eyJ1c2VySWQiOiI2N2E0MjQ4NDQ5ZGViNGRjZmVjYTc1ZTUiLCJpYXQiOjE3NDE1MzczMTksImV4cCI6MTc0MjE0MjExOX0.TWLuI0XJH6oJMZJcLUTgXqw3vYX32htOUsiUoDh1QwE',
    'eyJhbGciOiJIUzI1NiIsInR5cCI6IkpXVCJ9.eyJ1c2VySWQiOiI2N2E0MjQ4NDQ5ZGViNGRjZmVjYTc1ZTUiLCJpYXQiOjE3NDE1Mzc3ODMsImV4cCI6MTc0MjE0MjU4M30.x_ZAfmKOlgcpPK7JGfqvgXQVxBWMDwhDYihzNzwxJFI',
    'eyJhbGciOiJIUzI1NiIsInR5cCI6IkpXVCJ9.eyJ1c2VySWQiOiI2N2E0MjQ4NDQ5ZGViNGRjZmVjYTc1ZTUiLCJpYXQiOjE3NDE1MzgwNzgsImV4cCI6MTc0MjE0Mjg3OH0.f8yAX-2WGPgDHZUK0705m0pVP8RRl5FmXewldg-_dX0',
    'eyJhbGciOiJIUzI1NiIsInR5cCI6IkpXVCJ9.eyJ1c2VySWQiOiI2N2E0MjQ4NDQ5ZGViNGRjZmVjYTc1ZTUiLCJpYXQiOjE3NDE1NDM3NjcsImV4cCI6MTc0MjE0ODU2N30.MaKdcOl8ksqtjkdz4AhO7S_8YP25TBVaYeYFv--STwA',
    'eyJhbGciOiJIUzI1NiIsInR5cCI6IkpXVCJ9.eyJ1c2VySWQiOiI2N2E0MjQ4NDQ5ZGViNGRjZmVjYTc1ZTUiLCJpYXQiOjE3NDE1NDQ3MDYsImV4cCI6MTc0MjE0OTUwNn0.zNx2FOS-BJOt6c6U5j38lnzZyp3HekxtsAt1IDGWFX0',
    'eyJhbGciOiJIUzI1NiIsInR5cCI6IkpXVCJ9.eyJ1c2VySWQiOiI2N2E0MjQ4NDQ5ZGViNGRjZmVjYTc1ZTUiLCJpYXQiOjE3NDE3MDQxNTQsImV4cCI6MTc0MjMwODk1NH0.o1C-JdLRfwgcvq4McKFLjCWZ-ZjqnA5sLMO2Qz-yDQ8',
    'eyJhbGciOiJIUzI1NiIsInR5cCI6IkpXVCJ9.eyJ1c2VySWQiOiI2N2E0MjQ4NDQ5ZGViNGRjZmVjYTc1ZTUiLCJpYXQiOjE3NDE3MTIyNjIsImV4cCI6MTc0MjMxNzA2Mn0.PUpD31UfkFmUz9QXLbhXPAZsc6UNtG7h6e5rYQPo0HE',
    'eyJhbGciOiJIUzI1NiIsInR5cCI6IkpXVCJ9.eyJ1c2VySWQiOiI2N2E0MjQ4NDQ5ZGViNGRjZmVjYTc1ZTUiLCJpYXQiOjE3NDE3MTMxOTUsImV4cCI6MTc0MjMxNzk5NX0.9oXTHG8XCM6ovhF8SjzTQWxP6CdcksvsL-814E--zfk',
    'eyJhbGciOiJIUzI1NiIsInR5cCI6IkpXVCJ9.eyJ1c2VySWQiOiI2N2E0MjQ4NDQ5ZGViNGRjZmVjYTc1ZTUiLCJpYXQiOjE3NDE3MTM0NDksImV4cCI6MTc0MjMxODI0OX0.faaqudgRsbL3Y5oILog2DbbvzdSIfL7qoNW7J51wA5o',
    'eyJhbGciOiJIUzI1NiIsInR5cCI6IkpXVCJ9.eyJ1c2VySWQiOiI2N2E0MjQ4NDQ5ZGViNGRjZmVjYTc1ZTUiLCJpYXQiOjE3NDE3MTQ5NzMsImV4cCI6MTc0MjMxOTc3M30._UCr0WEcq2mKPAOfmS1258RPEXhv1F-Wq6eaqWt-Pf0',
    'eyJhbGciOiJIUzI1NiIsInR5cCI6IkpXVCJ9.eyJ1c2VySWQiOiI2N2E0MjQ4NDQ5ZGViNGRjZmVjYTc1ZTUiLCJpYXQiOjE3NDE3MTYyMTMsImV4cCI6MTc0MjMyMTAxM30.IwTa9w22CyfRUvXWj8MbXqN5mUgi7apASaMhXZ1tSwM',
    'eyJhbGciOiJIUzI1NiIsInR5cCI6IkpXVCJ9.eyJ1c2VySWQiOiI2N2E0MjQ4NDQ5ZGViNGRjZmVjYTc1ZTUiLCJpYXQiOjE3NDE3MTYzNjgsImV4cCI6MTc0MjMyMTE2OH0.bxMqebYS8cNQPRPOht5tiTjI2GkJTco1vE-ExTZBmd4',
    'eyJhbGciOiJIUzI1NiIsInR5cCI6IkpXVCJ9.eyJ1c2VySWQiOiI2N2E0MjQ4NDQ5ZGViNGRjZmVjYTc1ZTUiLCJpYXQiOjE3NDE4OTgxMDYsImV4cCI6MTc0MjUwMjkwNn0.BnYgLXlEEHYTiALa_1vhAp0KON_xnNmXmlztzuApQgg',
    'eyJhbGciOiJIUzI1NiIsInR5cCI6IkpXVCJ9.eyJ1c2VySWQiOiI2N2E0MjQ4NDQ5ZGViNGRjZmVjYTc1ZTUiLCJpYXQiOjE3NDIzODYwOTYsImV4cCI6MTc0Mjk5MDg5Nn0.Zf9tJ_EeJoZ1OhgEPlHc5_2OZ9wdknLHTTE799J-HTk',
    'eyJhbGciOiJIUzI1NiIsInR5cCI6IkpXVCJ9.eyJ1c2VySWQiOiI2N2E0MjQ4NDQ5ZGViNGRjZmVjYTc1ZTUiLCJpYXQiOjE3NDIzODYzMjAsImV4cCI6MTc0Mjk5MTEyMH0.epXr2hIRs4kp-RL5xT50S-cqobxI07W7PjyLvRmRkLo',
    'eyJhbGciOiJIUzI1NiIsInR5cCI6IkpXVCJ9.eyJ1c2VySWQiOiI2N2E0MjQ4NDQ5ZGViNGRjZmVjYTc1ZTUiLCJpYXQiOjE3NDI5MTUzNzQsImV4cCI6MTc0MzUyMDE3NH0.MsmILx5nzBUB3lJPeZdPoVqtNtaKTdlxMrMFYWRScsU',
    'eyJhbGciOiJIUzI1NiIsInR5cCI6IkpXVCJ9.eyJ1c2VySWQiOiI2N2E0MjQ4NDQ5ZGViNGRjZmVjYTc1ZTUiLCJpYXQiOjE3NDI5MTY4MDcsImV4cCI6MTc0MzUyMTYwN30.IJyoHH370sxZ6eWPON5nYTII9GCik07n1fE5W8UyvGc'
  ],
  isVerified: true,
  createdAt: 2025-02-06T02:55:00.067Z,
  updatedAt: 2025-03-25T15:33:27.222Z,
  __v: 68,
  addresses: []
}
2025-03-25T15:45:42.737Z [INFO]: [INFO] Generating tokens for userId: 67a4248449deb4dcfeca75e5, role: user
2025-03-25T15:45:42.739Z [INFO]: [INFO] Generated tokens for user: barmor123456@gmail.com
2025-03-25T15:56:18.936Z [INFO]: [INFO] Refresh token process started
2025-03-25T15:56:18.937Z [INFO]: [INFO] Refresh token verified for userId: 67a4248449deb4dcfeca75e5
2025-03-25T15:56:19.052Z [INFO]: [INFO] Generating tokens for userId: 67a4248449deb4dcfeca75e5, role: user
2025-03-25T15:56:19.179Z [INFO]: [INFO] Refresh token process completed for userId: 67a4248449deb4dcfeca75e5
2025-03-25T15:56:51.168Z [INFO]: [INFO] Login attempt for email: barmor123456@gmail.com
2025-03-25T15:56:51.292Z [INFO]: [INFO] User fetched during login: {
  profilePic: '/uploads/1741535193314-profile.jpg',
  _id: new ObjectId('67a4248449deb4dcfeca75e5'),
  email: 'barmor123456@gmail.com',
  password: '$2a$10$cQAvaSbW36osHk8kzTGmvO3d6HSR.CR5UMxHek0dnTpMavRT.ki.a',
  firstName: 'bar',
  lastName: 'mor',
  role: 'user',
  favorites: [],
  refresh_tokens: [
    'eyJhbGciOiJIUzI1NiIsInR5cCI6IkpXVCJ9.eyJ1c2VySWQiOiI2N2E0MjQ4NDQ5ZGViNGRjZmVjYTc1ZTUiLCJpYXQiOjE3Mzg4MTA5NjYsImV4cCI6MTczOTQxNTc2Nn0.q5-TbMv03Rl7QCWMb-ZgKPgD7fx6tO_MGMVt3cDqApY',
    'eyJhbGciOiJIUzI1NiIsInR5cCI6IkpXVCJ9.eyJ1c2VySWQiOiI2N2E0MjQ4NDQ5ZGViNGRjZmVjYTc1ZTUiLCJpYXQiOjE3Mzg4Nzc1NjksImV4cCI6MTczOTQ4MjM2OX0.AFN9-Vd2XlwfWMbeOM9TgmlyVpZHymheOouuq-JlzP4',
    'eyJhbGciOiJIUzI1NiIsInR5cCI6IkpXVCJ9.eyJ1c2VySWQiOiI2N2E0MjQ4NDQ5ZGViNGRjZmVjYTc1ZTUiLCJpYXQiOjE3Mzg4Nzc2MDMsImV4cCI6MTczOTQ4MjQwM30.ouVdbNkyMF-gmZcyZGNE1iE43FnIcWjuOIv-HI2GXJQ',
    'eyJhbGciOiJIUzI1NiIsInR5cCI6IkpXVCJ9.eyJ1c2VySWQiOiI2N2E0MjQ4NDQ5ZGViNGRjZmVjYTc1ZTUiLCJpYXQiOjE3NDE1MzI3MDQsImV4cCI6MTc0MjEzNzUwNH0.L-nE3wrHjhDbXqGlVLDErNinovr5nAO3VO4BQJKIU2Y',
    'eyJhbGciOiJIUzI1NiIsInR5cCI6IkpXVCJ9.eyJ1c2VySWQiOiI2N2E0MjQ4NDQ5ZGViNGRjZmVjYTc1ZTUiLCJpYXQiOjE3NDE1MzM0NDEsImV4cCI6MTc0MjEzODI0MX0.vdRB21o1eu0zdmS5e_kdYB1Jf-rqMitLfOcRDQqEfPI',
    'eyJhbGciOiJIUzI1NiIsInR5cCI6IkpXVCJ9.eyJ1c2VySWQiOiI2N2E0MjQ4NDQ5ZGViNGRjZmVjYTc1ZTUiLCJpYXQiOjE3NDE1MzQ0ODUsImV4cCI6MTc0MjEzOTI4NX0.eF2i6UF8-HxpeEZ7Uov1jdoHLJ7IrpvKPYu6JKeaxWY',
    'eyJhbGciOiJIUzI1NiIsInR5cCI6IkpXVCJ9.eyJ1c2VySWQiOiI2N2E0MjQ4NDQ5ZGViNGRjZmVjYTc1ZTUiLCJpYXQiOjE3NDE1MzQ0ODYsImV4cCI6MTc0MjEzOTI4Nn0.Hu_yCNNo547TjsPM51pQTQV0UfK8y2rsmUttEr8kEa8',
    'eyJhbGciOiJIUzI1NiIsInR5cCI6IkpXVCJ9.eyJ1c2VySWQiOiI2N2E0MjQ4NDQ5ZGViNGRjZmVjYTc1ZTUiLCJpYXQiOjE3NDE1MzUyOTQsImV4cCI6MTc0MjE0MDA5NH0.3R3AnIfq6ltPOMtZXowKty6xtRnD24wrGoEgewkukLc',
    'eyJhbGciOiJIUzI1NiIsInR5cCI6IkpXVCJ9.eyJ1c2VySWQiOiI2N2E0MjQ4NDQ5ZGViNGRjZmVjYTc1ZTUiLCJpYXQiOjE3NDE1MzU4NDgsImV4cCI6MTc0MjE0MDY0OH0.RgaJCRKpNfdFSHakaU5NXm0gxbZqpN3GD5Q_Eed1Jr4',
    'eyJhbGciOiJIUzI1NiIsInR5cCI6IkpXVCJ9.eyJ1c2VySWQiOiI2N2E0MjQ4NDQ5ZGViNGRjZmVjYTc1ZTUiLCJpYXQiOjE3NDE1MzYwODksImV4cCI6MTc0MjE0MDg4OX0.inrNJSf3SwiJqvH_X5-ucknk4OPV3mGay273m_QWg5c',
    'eyJhbGciOiJIUzI1NiIsInR5cCI6IkpXVCJ9.eyJ1c2VySWQiOiI2N2E0MjQ4NDQ5ZGViNGRjZmVjYTc1ZTUiLCJpYXQiOjE3NDE1MzY3MTAsImV4cCI6MTc0MjE0MTUxMH0.6Afa5prFI8H4rBfbed921Ozv6383IuPYAMt77D9J2tc',
    'eyJhbGciOiJIUzI1NiIsInR5cCI6IkpXVCJ9.eyJ1c2VySWQiOiI2N2E0MjQ4NDQ5ZGViNGRjZmVjYTc1ZTUiLCJpYXQiOjE3NDE1MzcwNjgsImV4cCI6MTc0MjE0MTg2OH0.XQZqf7j8B-M-G6CpdffECj_QXxUGz4dOxF9aNg9F17s',
    'eyJhbGciOiJIUzI1NiIsInR5cCI6IkpXVCJ9.eyJ1c2VySWQiOiI2N2E0MjQ4NDQ5ZGViNGRjZmVjYTc1ZTUiLCJpYXQiOjE3NDE1MzczMTksImV4cCI6MTc0MjE0MjExOX0.TWLuI0XJH6oJMZJcLUTgXqw3vYX32htOUsiUoDh1QwE',
    'eyJhbGciOiJIUzI1NiIsInR5cCI6IkpXVCJ9.eyJ1c2VySWQiOiI2N2E0MjQ4NDQ5ZGViNGRjZmVjYTc1ZTUiLCJpYXQiOjE3NDE1Mzc3ODMsImV4cCI6MTc0MjE0MjU4M30.x_ZAfmKOlgcpPK7JGfqvgXQVxBWMDwhDYihzNzwxJFI',
    'eyJhbGciOiJIUzI1NiIsInR5cCI6IkpXVCJ9.eyJ1c2VySWQiOiI2N2E0MjQ4NDQ5ZGViNGRjZmVjYTc1ZTUiLCJpYXQiOjE3NDE1MzgwNzgsImV4cCI6MTc0MjE0Mjg3OH0.f8yAX-2WGPgDHZUK0705m0pVP8RRl5FmXewldg-_dX0',
    'eyJhbGciOiJIUzI1NiIsInR5cCI6IkpXVCJ9.eyJ1c2VySWQiOiI2N2E0MjQ4NDQ5ZGViNGRjZmVjYTc1ZTUiLCJpYXQiOjE3NDE1NDM3NjcsImV4cCI6MTc0MjE0ODU2N30.MaKdcOl8ksqtjkdz4AhO7S_8YP25TBVaYeYFv--STwA',
    'eyJhbGciOiJIUzI1NiIsInR5cCI6IkpXVCJ9.eyJ1c2VySWQiOiI2N2E0MjQ4NDQ5ZGViNGRjZmVjYTc1ZTUiLCJpYXQiOjE3NDE1NDQ3MDYsImV4cCI6MTc0MjE0OTUwNn0.zNx2FOS-BJOt6c6U5j38lnzZyp3HekxtsAt1IDGWFX0',
    'eyJhbGciOiJIUzI1NiIsInR5cCI6IkpXVCJ9.eyJ1c2VySWQiOiI2N2E0MjQ4NDQ5ZGViNGRjZmVjYTc1ZTUiLCJpYXQiOjE3NDE3MDQxNTQsImV4cCI6MTc0MjMwODk1NH0.o1C-JdLRfwgcvq4McKFLjCWZ-ZjqnA5sLMO2Qz-yDQ8',
    'eyJhbGciOiJIUzI1NiIsInR5cCI6IkpXVCJ9.eyJ1c2VySWQiOiI2N2E0MjQ4NDQ5ZGViNGRjZmVjYTc1ZTUiLCJpYXQiOjE3NDE3MTIyNjIsImV4cCI6MTc0MjMxNzA2Mn0.PUpD31UfkFmUz9QXLbhXPAZsc6UNtG7h6e5rYQPo0HE',
    'eyJhbGciOiJIUzI1NiIsInR5cCI6IkpXVCJ9.eyJ1c2VySWQiOiI2N2E0MjQ4NDQ5ZGViNGRjZmVjYTc1ZTUiLCJpYXQiOjE3NDE3MTMxOTUsImV4cCI6MTc0MjMxNzk5NX0.9oXTHG8XCM6ovhF8SjzTQWxP6CdcksvsL-814E--zfk',
    'eyJhbGciOiJIUzI1NiIsInR5cCI6IkpXVCJ9.eyJ1c2VySWQiOiI2N2E0MjQ4NDQ5ZGViNGRjZmVjYTc1ZTUiLCJpYXQiOjE3NDE3MTM0NDksImV4cCI6MTc0MjMxODI0OX0.faaqudgRsbL3Y5oILog2DbbvzdSIfL7qoNW7J51wA5o',
    'eyJhbGciOiJIUzI1NiIsInR5cCI6IkpXVCJ9.eyJ1c2VySWQiOiI2N2E0MjQ4NDQ5ZGViNGRjZmVjYTc1ZTUiLCJpYXQiOjE3NDE3MTQ5NzMsImV4cCI6MTc0MjMxOTc3M30._UCr0WEcq2mKPAOfmS1258RPEXhv1F-Wq6eaqWt-Pf0',
    'eyJhbGciOiJIUzI1NiIsInR5cCI6IkpXVCJ9.eyJ1c2VySWQiOiI2N2E0MjQ4NDQ5ZGViNGRjZmVjYTc1ZTUiLCJpYXQiOjE3NDE3MTYyMTMsImV4cCI6MTc0MjMyMTAxM30.IwTa9w22CyfRUvXWj8MbXqN5mUgi7apASaMhXZ1tSwM',
    'eyJhbGciOiJIUzI1NiIsInR5cCI6IkpXVCJ9.eyJ1c2VySWQiOiI2N2E0MjQ4NDQ5ZGViNGRjZmVjYTc1ZTUiLCJpYXQiOjE3NDE3MTYzNjgsImV4cCI6MTc0MjMyMTE2OH0.bxMqebYS8cNQPRPOht5tiTjI2GkJTco1vE-ExTZBmd4',
    'eyJhbGciOiJIUzI1NiIsInR5cCI6IkpXVCJ9.eyJ1c2VySWQiOiI2N2E0MjQ4NDQ5ZGViNGRjZmVjYTc1ZTUiLCJpYXQiOjE3NDE4OTgxMDYsImV4cCI6MTc0MjUwMjkwNn0.BnYgLXlEEHYTiALa_1vhAp0KON_xnNmXmlztzuApQgg',
    'eyJhbGciOiJIUzI1NiIsInR5cCI6IkpXVCJ9.eyJ1c2VySWQiOiI2N2E0MjQ4NDQ5ZGViNGRjZmVjYTc1ZTUiLCJpYXQiOjE3NDIzODYwOTYsImV4cCI6MTc0Mjk5MDg5Nn0.Zf9tJ_EeJoZ1OhgEPlHc5_2OZ9wdknLHTTE799J-HTk',
    'eyJhbGciOiJIUzI1NiIsInR5cCI6IkpXVCJ9.eyJ1c2VySWQiOiI2N2E0MjQ4NDQ5ZGViNGRjZmVjYTc1ZTUiLCJpYXQiOjE3NDIzODYzMjAsImV4cCI6MTc0Mjk5MTEyMH0.epXr2hIRs4kp-RL5xT50S-cqobxI07W7PjyLvRmRkLo',
    'eyJhbGciOiJIUzI1NiIsInR5cCI6IkpXVCJ9.eyJ1c2VySWQiOiI2N2E0MjQ4NDQ5ZGViNGRjZmVjYTc1ZTUiLCJpYXQiOjE3NDI5MTUzNzQsImV4cCI6MTc0MzUyMDE3NH0.MsmILx5nzBUB3lJPeZdPoVqtNtaKTdlxMrMFYWRScsU',
    'eyJhbGciOiJIUzI1NiIsInR5cCI6IkpXVCJ9.eyJ1c2VySWQiOiI2N2E0MjQ4NDQ5ZGViNGRjZmVjYTc1ZTUiLCJpYXQiOjE3NDI5MTY4MDcsImV4cCI6MTc0MzUyMTYwN30.IJyoHH370sxZ6eWPON5nYTII9GCik07n1fE5W8UyvGc',
    'eyJhbGciOiJIUzI1NiIsInR5cCI6IkpXVCJ9.eyJ1c2VySWQiOiI2N2E0MjQ4NDQ5ZGViNGRjZmVjYTc1ZTUiLCJpYXQiOjE3NDI5MTgxNzksImV4cCI6MTc0MzUyMjk3OX0.-WukVDbluekpfYajFu9dCU2DQx0VkJLy5eVG349PeK8'
  ],
  isVerified: true,
  createdAt: 2025-02-06T02:55:00.067Z,
  updatedAt: 2025-03-25T15:56:19.058Z,
  __v: 70,
  addresses: []
}
2025-03-25T15:56:51.420Z [INFO]: [INFO] Generating tokens for userId: 67a4248449deb4dcfeca75e5, role: user
2025-03-25T15:56:51.420Z [INFO]: [INFO] Generated tokens for user: barmor123456@gmail.com
2025-04-02T14:26:43.602Z [INFO]: [INFO] Generating tokens for userId: 67e41b5e1d469490c76f4ac0, role: user
2025-04-02T14:29:32.467Z [INFO]: [INFO] Generating tokens for userId: 67e41b5e1d469490c76f4ac0, role: user
2025-04-02T14:35:55.238Z [INFO]: [INFO] Refresh token process started
2025-04-02T14:35:55.240Z [INFO]: [INFO] Refresh token verified for userId: 67e41b5e1d469490c76f4ac0
2025-04-02T14:35:55.363Z [ERROR]: [ERROR] Invalid refresh token (Status: 403)
2025-04-02T14:36:02.563Z [INFO]: [INFO] Generating tokens for userId: 67e41b5e1d469490c76f4ac0, role: user
2025-04-02T14:36:34.230Z [INFO]: [INFO] Refresh token process started
2025-04-02T14:36:34.232Z [INFO]: [INFO] Refresh token verified for userId: 67e41b5e1d469490c76f4ac0
2025-04-02T14:36:34.357Z [ERROR]: [ERROR] Invalid refresh token (Status: 403)
2025-04-02T14:36:48.624Z [INFO]: [INFO] Generating tokens for userId: 67e41b5e1d469490c76f4ac0, role: user
2025-04-02T14:38:01.110Z [INFO]: [INFO] Refresh token process started
2025-04-02T14:38:01.112Z [INFO]: [INFO] Refresh token verified for userId: 67e41b5e1d469490c76f4ac0
2025-04-02T14:38:01.234Z [ERROR]: [ERROR] Invalid refresh token (Status: 403)
2025-04-02T14:38:09.705Z [INFO]: [INFO] Generating tokens for userId: 67e41b5e1d469490c76f4ac0, role: user
2025-04-02T14:57:16.401Z [INFO]: [INFO] Refresh token process started
2025-04-02T14:57:16.402Z [INFO]: [INFO] Refresh token verified for userId: 67e41b5e1d469490c76f4ac0
2025-04-02T14:57:16.518Z [ERROR]: [ERROR] Invalid refresh token (Status: 403)
2025-04-02T14:57:38.373Z [INFO]: [INFO] Generating tokens for userId: 67e41b5e1d469490c76f4ac0, role: user
2025-04-02T15:12:19.579Z [INFO]: [INFO] Refresh token process started
2025-04-02T15:12:19.580Z [INFO]: [INFO] Refresh token verified for userId: 67e41b5e1d469490c76f4ac0
2025-04-02T15:12:19.696Z [ERROR]: [ERROR] Invalid refresh token (Status: 403)
2025-04-02T15:12:59.896Z [INFO]: [INFO] Login attempt for email: barmor123456@gmail.com
2025-04-02T15:13:00.017Z [INFO]: [INFO] User fetched during login: {
  _id: new ObjectId('67e41b5e1d469490c76f4ac0'),
  email: 'barmor123456@gmail.com',
  password: '$2a$10$cZnSwL0B/dhCpnYLyXNMWuvqx2GTktC5EYFVLU8qoQDwI.SiEbfCS',
  firstName: 'Bar',
  lastName: 'Mor',
  role: 'user',
  favorites: [],
  refresh_tokens: [
    'eyJhbGciOiJIUzI1NiIsInR5cCI6IkpXVCJ9.eyJ1c2VySWQiOiI2N2U0MWI1ZTFkNDY5NDkwYzc2ZjRhYzAiLCJpYXQiOjE3NDMwMDM0OTgsImV4cCI6MTc0MzYwODI5OH0.heLotoONxtnAn5PEc30CXZ9g7KxVzytu9C9wLfD3R7M',
    'eyJhbGciOiJIUzI1NiIsInR5cCI6IkpXVCJ9.eyJ1c2VySWQiOiI2N2U0MWI1ZTFkNDY5NDkwYzc2ZjRhYzAiLCJpYXQiOjE3NDMwMDczMzAsImV4cCI6MTc0MzYxMjEzMH0.MKLj2fe_bWInSttrKFkgdg3gzuNHXc_AaBoMhyW9lSY',
    'eyJhbGciOiJIUzI1NiIsInR5cCI6IkpXVCJ9.eyJ1c2VySWQiOiI2N2U0MWI1ZTFkNDY5NDkwYzc2ZjRhYzAiLCJpYXQiOjE3NDMwODMyMTcsImV4cCI6MTc0MzY4ODAxN30.Kh2LPco5Nb3G-WS-Rk7WaILCBYV9BuGN11pYVLDBYSs',
    'eyJhbGciOiJIUzI1NiIsInR5cCI6IkpXVCJ9.eyJ1c2VySWQiOiI2N2U0MWI1ZTFkNDY5NDkwYzc2ZjRhYzAiLCJpYXQiOjE3NDM2MDE0NDQsImV4cCI6MTc0NDIwNjI0NH0.ZmrscTjFGRiY6ruRslSOwa7LIL6H_Azx-YByu4HNylU',
    'eyJhbGciOiJIUzI1NiIsInR5cCI6IkpXVCJ9.eyJ1c2VySWQiOiI2N2U0MWI1ZTFkNDY5NDkwYzc2ZjRhYzAiLCJpYXQiOjE3NDM2MDI3MDMsImV4cCI6MTc0NDIwNzUwM30.3L8MILYjEi4SDqFck5aN_Eqvs81LrCw6WXUJz61m5UA'
  ],
  isVerified: true,
  addresses: [ new ObjectId('67e41bb01d469490c76f4b0f') ],
  createdAt: 2025-03-26T15:21:02.252Z,
  updatedAt: 2025-04-02T14:19:46.357Z,
  __v: 10,
  googleId: '107347893426360270570'
}
2025-04-02T15:13:00.148Z [INFO]: [INFO] Generating tokens for userId: 67e41b5e1d469490c76f4ac0, role: user
2025-04-02T15:13:00.149Z [INFO]: [INFO] Generated tokens for user: barmor123456@gmail.com
2025-04-02T15:13:15.988Z [INFO]: [INFO] Generating tokens for userId: 67e41b5e1d469490c76f4ac0, role: user
2025-04-23T14:30:12.562Z [INFO]: [INFO] Generating tokens for userId: 67e41b5e1d469490c76f4ac0, role: user
2025-04-23T14:32:50.456Z [INFO]: [INFO] Generating tokens for userId: 67e41b5e1d469490c76f4ac0, role: user
2025-04-23T14:35:57.528Z [INFO]: [INFO] Generating tokens for userId: 67e41b5e1d469490c76f4ac0, role: user
2025-04-23T14:36:26.585Z [INFO]: [INFO] Generating tokens for userId: 67e41b5e1d469490c76f4ac0, role: user
2025-04-23T14:39:13.090Z [INFO]: [INFO] Generating tokens for userId: 67e41b5e1d469490c76f4ac0, role: user
2025-04-23T14:43:30.144Z [INFO]: [INFO] Generating tokens for userId: 67e41b5e1d469490c76f4ac0, role: user
2025-04-23T14:44:52.816Z [INFO]: [INFO] Generating tokens for userId: 67e41b5e1d469490c76f4ac0, role: user
2025-04-23T14:47:01.204Z [INFO]: [INFO] Generating tokens for userId: 67e41b5e1d469490c76f4ac0, role: user
2025-04-23T14:47:10.633Z [INFO]: [INFO] Generating tokens for userId: 67e41b5e1d469490c76f4ac0, role: user
2025-04-23T14:48:24.658Z [INFO]: [INFO] Generating tokens for userId: 67e41b5e1d469490c76f4ac0, role: user
2025-04-23T14:49:11.596Z [INFO]: [INFO] Generating tokens for userId: 67e41b5e1d469490c76f4ac0, role: user
2025-04-23T14:50:54.242Z [INFO]: [INFO] Generating tokens for userId: 67e41b5e1d469490c76f4ac0, role: user
2025-04-23T14:51:28.824Z [INFO]: [INFO] Login attempt for email: barmor123456@gmail.com
2025-04-23T14:51:29.011Z [INFO]: [INFO] User fetched during login: {
  profilePic: {
    url: 'https://res.cloudinary.com/dhhrsuudb/image/upload/v1743607464/users/crdrktlpg4loq5qbn6ng.jpg',
    public_id: 'users/crdrktlpg4loq5qbn6ng'
  },
  _id: new ObjectId('67e41b5e1d469490c76f4ac0'),
  email: 'barmor123456@gmail.com',
  password: '$2a$10$cZnSwL0B/dhCpnYLyXNMWuvqx2GTktC5EYFVLU8qoQDwI.SiEbfCS',
  firstName: 'Bar',
  lastName: 'Mor',
  role: 'user',
  favorites: [],
  refresh_tokens: [
    'eyJhbGciOiJIUzI1NiIsInR5cCI6IkpXVCJ9.eyJ1c2VySWQiOiI2N2U0MWI1ZTFkNDY5NDkwYzc2ZjRhYzAiLCJpYXQiOjE3NDMwMDM0OTgsImV4cCI6MTc0MzYwODI5OH0.heLotoONxtnAn5PEc30CXZ9g7KxVzytu9C9wLfD3R7M',
    'eyJhbGciOiJIUzI1NiIsInR5cCI6IkpXVCJ9.eyJ1c2VySWQiOiI2N2U0MWI1ZTFkNDY5NDkwYzc2ZjRhYzAiLCJpYXQiOjE3NDMwMDczMzAsImV4cCI6MTc0MzYxMjEzMH0.MKLj2fe_bWInSttrKFkgdg3gzuNHXc_AaBoMhyW9lSY',
    'eyJhbGciOiJIUzI1NiIsInR5cCI6IkpXVCJ9.eyJ1c2VySWQiOiI2N2U0MWI1ZTFkNDY5NDkwYzc2ZjRhYzAiLCJpYXQiOjE3NDMwODMyMTcsImV4cCI6MTc0MzY4ODAxN30.Kh2LPco5Nb3G-WS-Rk7WaILCBYV9BuGN11pYVLDBYSs',
    'eyJhbGciOiJIUzI1NiIsInR5cCI6IkpXVCJ9.eyJ1c2VySWQiOiI2N2U0MWI1ZTFkNDY5NDkwYzc2ZjRhYzAiLCJpYXQiOjE3NDM2MDE0NDQsImV4cCI6MTc0NDIwNjI0NH0.ZmrscTjFGRiY6ruRslSOwa7LIL6H_Azx-YByu4HNylU',
    'eyJhbGciOiJIUzI1NiIsInR5cCI6IkpXVCJ9.eyJ1c2VySWQiOiI2N2U0MWI1ZTFkNDY5NDkwYzc2ZjRhYzAiLCJpYXQiOjE3NDM2MDI3MDMsImV4cCI6MTc0NDIwNzUwM30.3L8MILYjEi4SDqFck5aN_Eqvs81LrCw6WXUJz61m5UA',
    'eyJhbGciOiJIUzI1NiIsInR5cCI6IkpXVCJ9.eyJ1c2VySWQiOiI2N2U0MWI1ZTFkNDY5NDkwYzc2ZjRhYzAiLCJpYXQiOjE3NDM2MDY3ODAsImV4cCI6MTc0NDIxMTU4MH0.l1xWVbqh13Ddc-OSHLKPTmK5Wkj1F1Z1eRxzk9YA4m8',
    'eyJhbGciOiJIUzI1NiIsInR5cCI6IkpXVCJ9.eyJ1c2VySWQiOiI2N2U0MWI1ZTFkNDY5NDkwYzc2ZjRhYzAiLCJpYXQiOjE3NDM2MDgxNDUsImV4cCI6MTc0NDIxMjk0NX0.GgdJzV4xESiArwQf7hqr-coLbwt-A3l1DyQN0E8rOJ4',
    'eyJhbGciOiJIUzI1NiIsInR5cCI6IkpXVCJ9.eyJ1c2VySWQiOiI2N2U0MWI1ZTFkNDY5NDkwYzc2ZjRhYzAiLCJpYXQiOjE3NDUxNjQyNjgsImV4cCI6MTc0NTc2OTA2OH0.aCrIUnpEYiCJpE46NJc6YTPSX2dQ4TipQKzFe85J10Q',
    'eyJhbGciOiJIUzI1NiIsInR5cCI6IkpXVCJ9.eyJ1c2VySWQiOiI2N2U0MWI1ZTFkNDY5NDkwYzc2ZjRhYzAiLCJpYXQiOjE3NDUxNjQ3MDQsImV4cCI6MTc0NTc2OTUwNH0.MHIuPPBuW1y520C-ruxa9LaALzuCD_iKbXAPblD-UJc',
    'eyJhbGciOiJIUzI1NiIsInR5cCI6IkpXVCJ9.eyJ1c2VySWQiOiI2N2U0MWI1ZTFkNDY5NDkwYzc2ZjRhYzAiLCJpYXQiOjE3NDUxNzM1OTcsImV4cCI6MTc0NTc3ODM5N30.ilDmm2msr9W6ekv_k0-7mMBLxKmrAU9Pns1gEBMrt-E',
    'eyJhbGciOiJIUzI1NiIsInR5cCI6IkpXVCJ9.eyJ1c2VySWQiOiI2N2U0MWI1ZTFkNDY5NDkwYzc2ZjRhYzAiLCJpYXQiOjE3NDU0MTg5ODYsImV4cCI6MTc0NjAyMzc4Nn0.9iX-saub7IBDwLGVADgBZp2UH_4Nt5wV-CV31JW92Uc',
    'eyJhbGciOiJIUzI1NiIsInR5cCI6IkpXVCJ9.eyJ1c2VySWQiOiI2N2U0MWI1ZTFkNDY5NDkwYzc2ZjRhYzAiLCJpYXQiOjE3NDU0MTkxNTMsImV4cCI6MTc0NjAyMzk1M30.magIE5vjpGQk95f8CRib10DDH5TT_pss_5WkKmGixlY',
    'eyJhbGciOiJIUzI1NiIsInR5cCI6IkpXVCJ9.eyJ1c2VySWQiOiI2N2U0MWI1ZTFkNDY5NDkwYzc2ZjRhYzAiLCJpYXQiOjE3NDU0MTk0MTAsImV4cCI6MTc0NjAyNDIxMH0.VZKjE4ZE1zEsaMQE1jnIW-RxHshJqxeNHQPxKGL9SHk',
    'eyJhbGciOiJIUzI1NiIsInR5cCI6IkpXVCJ9.eyJ1c2VySWQiOiI2N2U0MWI1ZTFkNDY5NDkwYzc2ZjRhYzAiLCJpYXQiOjE3NDU0MTk0OTIsImV4cCI6MTc0NjAyNDI5Mn0.DcrHjqFEL1BQD8lA0_pdS4mvSDUHjJGq0k7BM8GvNlA',
    'eyJhbGciOiJIUzI1NiIsInR5cCI6IkpXVCJ9.eyJ1c2VySWQiOiI2N2U0MWI1ZTFkNDY5NDkwYzc2ZjRhYzAiLCJpYXQiOjE3NDU0MTk2MjEsImV4cCI6MTc0NjAyNDQyMX0.EvUAELaDGzKoU8qIlGNQxFod1WwBiLMWh8Xv5jj-AlA',
    'eyJhbGciOiJIUzI1NiIsInR5cCI6IkpXVCJ9.eyJ1c2VySWQiOiI2N2U0MWI1ZTFkNDY5NDkwYzc2ZjRhYzAiLCJpYXQiOjE3NDU0MTk2MzAsImV4cCI6MTc0NjAyNDQzMH0.wqznY-in8HIZ26e9sFbjBLC2UdL4fRO3Hx2aeLi_0IA',
    'eyJhbGciOiJIUzI1NiIsInR5cCI6IkpXVCJ9.eyJ1c2VySWQiOiI2N2U0MWI1ZTFkNDY5NDkwYzc2ZjRhYzAiLCJpYXQiOjE3NDU0MTk3MDQsImV4cCI6MTc0NjAyNDUwNH0.qjb944-Vu7X-wN86aTxLkcAGHkn_ahfhxhvR8xGQH4E',
    'eyJhbGciOiJIUzI1NiIsInR5cCI6IkpXVCJ9.eyJ1c2VySWQiOiI2N2U0MWI1ZTFkNDY5NDkwYzc2ZjRhYzAiLCJpYXQiOjE3NDU0MTk3NTEsImV4cCI6MTc0NjAyNDU1MX0.-knTSz1FvoWxANVbJRJ8Njtg1xgnLlIqSj7bhMwNXpk',
    'eyJhbGciOiJIUzI1NiIsInR5cCI6IkpXVCJ9.eyJ1c2VySWQiOiI2N2U0MWI1ZTFkNDY5NDkwYzc2ZjRhYzAiLCJpYXQiOjE3NDU0MTk4NTQsImV4cCI6MTc0NjAyNDY1NH0.2i_YBI8ywx0prQHm22Oj8EnP0Bn_ht-R6ubuyTlXxfA'
  ],
  isVerified: true,
  addresses: [ new ObjectId('67e41bb01d469490c76f4b0f') ],
  createdAt: 2025-03-26T15:21:02.252Z,
  updatedAt: 2025-04-23T14:50:54.245Z,
  __v: 26,
  googleId: '107347893426360270570',
  recoveryEmail: '',
  twoFactorEnabled: false
}
2025-04-23T14:51:29.116Z [INFO]: [INFO] Generating tokens for userId: 67e41b5e1d469490c76f4ac0, role: user
2025-04-23T14:51:29.116Z [INFO]: [INFO] Generated tokens for user: barmor123456@gmail.com
2025-04-27T15:43:55.124Z [INFO]: [INFO] Logout process started
2025-04-27T15:43:55.382Z [INFO]: [INFO] User logged out successfully: 67e41b5e1d469490c76f4ac0
2025-04-27T15:44:03.367Z [INFO]: [INFO] Generating tokens for userId: 67e41b5e1d469490c76f4ac0, role: admin
2025-04-27T15:44:10.327Z [INFO]: [INFO] Statistics retrieved successfully
2025-04-27T15:44:25.986Z [INFO]: [INFO] Statistics retrieved successfully
2025-04-27T15:44:58.531Z [INFO]: [INFO] Logout process started
2025-04-27T15:44:58.776Z [INFO]: [INFO] User logged out successfully: 67e41b5e1d469490c76f4ac0
2025-04-27T15:45:20.591Z [INFO]: [INFO] Generating tokens for userId: 67e41b5e1d469490c76f4ac0, role: user
2025-04-27T15:45:56.637Z [INFO]: [INFO] Login attempt for email: barmor123456@gmail.com
2025-04-27T15:45:56.790Z [INFO]: [INFO] User fetched during login: {
  profilePic: {
    url: 'https://res.cloudinary.com/dhhrsuudb/image/upload/v1743607464/users/crdrktlpg4loq5qbn6ng.jpg',
    public_id: 'users/crdrktlpg4loq5qbn6ng'
  },
  _id: new ObjectId('67e41b5e1d469490c76f4ac0'),
  email: 'barmor123456@gmail.com',
  password: '$2a$10$cZnSwL0B/dhCpnYLyXNMWuvqx2GTktC5EYFVLU8qoQDwI.SiEbfCS',
  firstName: 'Bar',
  lastName: 'Mor',
  role: 'user',
  favorites: [],
  refresh_tokens: [
    'eyJhbGciOiJIUzI1NiIsInR5cCI6IkpXVCJ9.eyJ1c2VySWQiOiI2N2U0MWI1ZTFkNDY5NDkwYzc2ZjRhYzAiLCJpYXQiOjE3NDMwMDM0OTgsImV4cCI6MTc0MzYwODI5OH0.heLotoONxtnAn5PEc30CXZ9g7KxVzytu9C9wLfD3R7M',
    'eyJhbGciOiJIUzI1NiIsInR5cCI6IkpXVCJ9.eyJ1c2VySWQiOiI2N2U0MWI1ZTFkNDY5NDkwYzc2ZjRhYzAiLCJpYXQiOjE3NDMwMDczMzAsImV4cCI6MTc0MzYxMjEzMH0.MKLj2fe_bWInSttrKFkgdg3gzuNHXc_AaBoMhyW9lSY',
    'eyJhbGciOiJIUzI1NiIsInR5cCI6IkpXVCJ9.eyJ1c2VySWQiOiI2N2U0MWI1ZTFkNDY5NDkwYzc2ZjRhYzAiLCJpYXQiOjE3NDMwODMyMTcsImV4cCI6MTc0MzY4ODAxN30.Kh2LPco5Nb3G-WS-Rk7WaILCBYV9BuGN11pYVLDBYSs',
    'eyJhbGciOiJIUzI1NiIsInR5cCI6IkpXVCJ9.eyJ1c2VySWQiOiI2N2U0MWI1ZTFkNDY5NDkwYzc2ZjRhYzAiLCJpYXQiOjE3NDM2MDE0NDQsImV4cCI6MTc0NDIwNjI0NH0.ZmrscTjFGRiY6ruRslSOwa7LIL6H_Azx-YByu4HNylU',
    'eyJhbGciOiJIUzI1NiIsInR5cCI6IkpXVCJ9.eyJ1c2VySWQiOiI2N2U0MWI1ZTFkNDY5NDkwYzc2ZjRhYzAiLCJpYXQiOjE3NDM2MDI3MDMsImV4cCI6MTc0NDIwNzUwM30.3L8MILYjEi4SDqFck5aN_Eqvs81LrCw6WXUJz61m5UA',
    'eyJhbGciOiJIUzI1NiIsInR5cCI6IkpXVCJ9.eyJ1c2VySWQiOiI2N2U0MWI1ZTFkNDY5NDkwYzc2ZjRhYzAiLCJpYXQiOjE3NDM2MDY3ODAsImV4cCI6MTc0NDIxMTU4MH0.l1xWVbqh13Ddc-OSHLKPTmK5Wkj1F1Z1eRxzk9YA4m8',
    'eyJhbGciOiJIUzI1NiIsInR5cCI6IkpXVCJ9.eyJ1c2VySWQiOiI2N2U0MWI1ZTFkNDY5NDkwYzc2ZjRhYzAiLCJpYXQiOjE3NDM2MDgxNDUsImV4cCI6MTc0NDIxMjk0NX0.GgdJzV4xESiArwQf7hqr-coLbwt-A3l1DyQN0E8rOJ4',
    'eyJhbGciOiJIUzI1NiIsInR5cCI6IkpXVCJ9.eyJ1c2VySWQiOiI2N2U0MWI1ZTFkNDY5NDkwYzc2ZjRhYzAiLCJpYXQiOjE3NDUxNjQyNjgsImV4cCI6MTc0NTc2OTA2OH0.aCrIUnpEYiCJpE46NJc6YTPSX2dQ4TipQKzFe85J10Q',
    'eyJhbGciOiJIUzI1NiIsInR5cCI6IkpXVCJ9.eyJ1c2VySWQiOiI2N2U0MWI1ZTFkNDY5NDkwYzc2ZjRhYzAiLCJpYXQiOjE3NDUxNjQ3MDQsImV4cCI6MTc0NTc2OTUwNH0.MHIuPPBuW1y520C-ruxa9LaALzuCD_iKbXAPblD-UJc',
    'eyJhbGciOiJIUzI1NiIsInR5cCI6IkpXVCJ9.eyJ1c2VySWQiOiI2N2U0MWI1ZTFkNDY5NDkwYzc2ZjRhYzAiLCJpYXQiOjE3NDUxNzM1OTcsImV4cCI6MTc0NTc3ODM5N30.ilDmm2msr9W6ekv_k0-7mMBLxKmrAU9Pns1gEBMrt-E',
    'eyJhbGciOiJIUzI1NiIsInR5cCI6IkpXVCJ9.eyJ1c2VySWQiOiI2N2U0MWI1ZTFkNDY5NDkwYzc2ZjRhYzAiLCJpYXQiOjE3NDU0MTg5ODYsImV4cCI6MTc0NjAyMzc4Nn0.9iX-saub7IBDwLGVADgBZp2UH_4Nt5wV-CV31JW92Uc',
    'eyJhbGciOiJIUzI1NiIsInR5cCI6IkpXVCJ9.eyJ1c2VySWQiOiI2N2U0MWI1ZTFkNDY5NDkwYzc2ZjRhYzAiLCJpYXQiOjE3NDU0MTkxNTMsImV4cCI6MTc0NjAyMzk1M30.magIE5vjpGQk95f8CRib10DDH5TT_pss_5WkKmGixlY',
    'eyJhbGciOiJIUzI1NiIsInR5cCI6IkpXVCJ9.eyJ1c2VySWQiOiI2N2U0MWI1ZTFkNDY5NDkwYzc2ZjRhYzAiLCJpYXQiOjE3NDU0MTk0MTAsImV4cCI6MTc0NjAyNDIxMH0.VZKjE4ZE1zEsaMQE1jnIW-RxHshJqxeNHQPxKGL9SHk',
    'eyJhbGciOiJIUzI1NiIsInR5cCI6IkpXVCJ9.eyJ1c2VySWQiOiI2N2U0MWI1ZTFkNDY5NDkwYzc2ZjRhYzAiLCJpYXQiOjE3NDU0MTk0OTIsImV4cCI6MTc0NjAyNDI5Mn0.DcrHjqFEL1BQD8lA0_pdS4mvSDUHjJGq0k7BM8GvNlA',
    'eyJhbGciOiJIUzI1NiIsInR5cCI6IkpXVCJ9.eyJ1c2VySWQiOiI2N2U0MWI1ZTFkNDY5NDkwYzc2ZjRhYzAiLCJpYXQiOjE3NDU0MTk2MjEsImV4cCI6MTc0NjAyNDQyMX0.EvUAELaDGzKoU8qIlGNQxFod1WwBiLMWh8Xv5jj-AlA',
    'eyJhbGciOiJIUzI1NiIsInR5cCI6IkpXVCJ9.eyJ1c2VySWQiOiI2N2U0MWI1ZTFkNDY5NDkwYzc2ZjRhYzAiLCJpYXQiOjE3NDU0MTk2MzAsImV4cCI6MTc0NjAyNDQzMH0.wqznY-in8HIZ26e9sFbjBLC2UdL4fRO3Hx2aeLi_0IA',
    'eyJhbGciOiJIUzI1NiIsInR5cCI6IkpXVCJ9.eyJ1c2VySWQiOiI2N2U0MWI1ZTFkNDY5NDkwYzc2ZjRhYzAiLCJpYXQiOjE3NDU0MTk3MDQsImV4cCI6MTc0NjAyNDUwNH0.qjb944-Vu7X-wN86aTxLkcAGHkn_ahfhxhvR8xGQH4E',
    'eyJhbGciOiJIUzI1NiIsInR5cCI6IkpXVCJ9.eyJ1c2VySWQiOiI2N2U0MWI1ZTFkNDY5NDkwYzc2ZjRhYzAiLCJpYXQiOjE3NDU0MTk3NTEsImV4cCI6MTc0NjAyNDU1MX0.-knTSz1FvoWxANVbJRJ8Njtg1xgnLlIqSj7bhMwNXpk',
    'eyJhbGciOiJIUzI1NiIsInR5cCI6IkpXVCJ9.eyJ1c2VySWQiOiI2N2U0MWI1ZTFkNDY5NDkwYzc2ZjRhYzAiLCJpYXQiOjE3NDU0MTk4NTQsImV4cCI6MTc0NjAyNDY1NH0.2i_YBI8ywx0prQHm22Oj8EnP0Bn_ht-R6ubuyTlXxfA',
    'eyJhbGciOiJIUzI1NiIsInR5cCI6IkpXVCJ9.eyJ1c2VySWQiOiI2N2U0MWI1ZTFkNDY5NDkwYzc2ZjRhYzAiLCJpYXQiOjE3NDU0MTk4ODksImV4cCI6MTc0NjAyNDY4OX0.DS3bIIJMELOKmIjes1NME2llGZzuHKxSSfHJ8Lo86h4',
    'eyJhbGciOiJIUzI1NiIsInR5cCI6IkpXVCJ9.eyJ1c2VySWQiOiI2N2U0MWI1ZTFkNDY5NDkwYzc2ZjRhYzAiLCJpYXQiOjE3NDU0MTk5NzUsImV4cCI6MTc0NjAyNDc3NX0._MyZgvWWBDELwMsF1UmMQ8acQbv7wAkCA-kbcTVakzE',
    'eyJhbGciOiJIUzI1NiIsInR5cCI6IkpXVCJ9.eyJ1c2VySWQiOiI2N2U0MWI1ZTFkNDY5NDkwYzc2ZjRhYzAiLCJpYXQiOjE3NDU0MjAwODUsImV4cCI6MTc0NjAyNDg4NX0.zRisCLM7mYk4yQE4lOhZ1eecAcNSFoLtbZMMtOKMeuA',
    'eyJhbGciOiJIUzI1NiIsInR5cCI6IkpXVCJ9.eyJ1c2VySWQiOiI2N2U0MWI1ZTFkNDY5NDkwYzc2ZjRhYzAiLCJpYXQiOjE3NDU1MDU1OTUsImV4cCI6MTc0NTkzNzU5NX0.Q4YTFA7EEdTrtc4h06QLrg9pAtdmd1iwtEaxJNValeQ',
    'eyJhbGciOiJIUzI1NiIsInR5cCI6IkpXVCJ9.eyJ1c2VySWQiOiI2N2U0MWI1ZTFkNDY5NDkwYzc2ZjRhYzAiLCJpYXQiOjE3NDU3Njg3MjAsImV4cCI6MTc0NjM3MzUyMH0._Y7R3WbmfJvp66nzJQ56_YuzgCeAJ0YX6WboQT61-nc'
  ],
  isVerified: true,
  addresses: [ new ObjectId('67e41bb01d469490c76f4b0f') ],
  createdAt: 2025-03-26T15:21:02.252Z,
  updatedAt: 2025-04-27T15:45:20.593Z,
  __v: 33,
  googleId: '107347893426360270570',
  recoveryEmail: '',
  twoFactorEnabled: true
}
2025-04-27T15:45:58.490Z [INFO]: [INFO] 2FA code sent to: barmor123456@gmail.com
2025-04-27T15:45:58.490Z [INFO]: [INFO] Generating tokens for userId: 67e41b5e1d469490c76f4ac0, role: user
2025-04-27T15:51:22.616Z [INFO]: [INFO] Generating tokens for userId: 67e41b5e1d469490c76f4ac0, role: user
2025-04-27T15:51:26.020Z [INFO]: [INFO] 2FA code sent to: barmor123456@gmail.com
2025-04-27T15:56:24.641Z [INFO]: [INFO] Generating tokens for userId: 67e41b5e1d469490c76f4ac0, role: user
2025-04-27T15:56:26.609Z [INFO]: [INFO] 2FA code sent to: barmor123456@gmail.com
2025-04-27T15:56:37.196Z [INFO]: [INFO] Generating tokens for userId: 67e41b5e1d469490c76f4ac0, role: user
2025-04-27T15:56:39.715Z [INFO]: [INFO] 2FA code sent to: barmor123456@gmail.com
2025-04-27T16:32:26.637Z [INFO]: [INFO] Generating tokens for userId: 67e41b5e1d469490c76f4ac0, role: user
2025-04-27T16:32:29.372Z [INFO]: [INFO] 2FA code sent to: barmor123456@gmail.com
2025-04-27T16:33:00.205Z [INFO]: [INFO] Recipe unliked successfully: 68027ce4cc4f78aba5f865c8 by user: 67e41b5e1d469490c76f4ac0
2025-04-27T16:33:01.341Z [INFO]: [INFO] Recipe liked successfully: 68027ce4cc4f78aba5f865c8 by user: 67e41b5e1d469490c76f4ac0
2025-04-27T16:33:03.356Z [INFO]: [INFO] Recipe liked successfully: 6803984f25e92bfbcdd58fb4 by user: 67e41b5e1d469490c76f4ac0
2025-04-27T16:34:26.698Z [ERROR]: [ERROR] Failed to update profile picture (Status: 500)
2025-04-27T16:34:28.230Z [INFO]: [INFO] Generating tokens for userId: 67e41b5e1d469490c76f4ac0, role: user
2025-04-27T16:34:30.381Z [INFO]: [INFO] 2FA code sent to: barmor123456@gmail.com
2025-04-27T16:35:16.801Z [ERROR]: [ERROR] Failed to update profile picture (Status: 500)
2025-04-27T16:37:49.718Z [ERROR]: [ERROR] Failed to update profile picture (Status: 500)
2025-04-27T16:40:15.433Z [ERROR]: [ERROR] Failed to update profile picture (Status: 500)
2025-04-28T16:37:48.553Z [INFO]: [INFO] Statistics retrieved successfully
2025-04-28T17:15:06.293Z [INFO]: [INFO] Statistics retrieved successfully
2025-04-28T17:15:07.626Z [ERROR]: [ERROR] Failed to generate financial report: Cannot read properties of null (reading 'cost')
2025-04-28T17:16:34.068Z [ERROR]: [ERROR] Failed to generate financial report: Cannot read properties of null (reading 'cost')
2025-04-28T17:17:04.391Z [INFO]: [INFO] Financial report sent to avieles100@gmail.com
2025-04-28T17:21:02.125Z [INFO]: [INFO] Statistics retrieved successfully
2025-04-28T17:21:07.035Z [INFO]: [INFO] Statistics retrieved successfully
